[2023-08-11 10:27:29,726] - [org.hibernate.validator.internal.util.Version] [<clinit>] -> (INFO) [HV000001: Hibernate Validator 6.2.5.Final] 
[2023-08-11 10:27:29,860] - [com.hcl.elch.freshersuperchargers.trainingworkflow.TrainingWorkflowApplication] [logStarting] -> (INFO) [Starting TrainingWorkflowApplication using Java 11.0.19 on LP-5CG0471VCD with PID 16408 (C:\Users\tausif.ahmad\Downloads\Mergedsandipan\FresherSuperChargers\target\classes started by tausif.ahmad in C:\Users\tausif.ahmad\Downloads\Mergedsandipan\FresherSuperChargers)] 
[2023-08-11 10:27:29,885] - [com.hcl.elch.freshersuperchargers.trainingworkflow.TrainingWorkflowApplication] [logStartupProfileInfo] -> (INFO) [No active profile set, falling back to 1 default profile: "default"] 
[2023-08-11 10:27:30,063] - [org.springframework.boot.devtools.restart.ChangeableUrls] [logTo] -> (INFO) [The Class-Path manifest attribute in C:\Users\tausif.ahmad\.m2\repository\org\glassfish\hk2\hk2\2.6.1\hk2-2.6.1.jar referenced one or more files that do not exist: file:/C:/Users/tausif.ahmad/.m2/repository/org/glassfish/hk2/hk2/2.6.1/hk2-utils.jar,file:/C:/Users/tausif.ahmad/.m2/repository/org/glassfish/hk2/hk2/2.6.1/jakarta.annotation-api.jar,file:/C:/Users/tausif.ahmad/.m2/repository/org/glassfish/hk2/hk2/2.6.1/jakarta.inject.jar,file:/C:/Users/tausif.ahmad/.m2/repository/org/glassfish/hk2/hk2/2.6.1/hk2-api.jar,file:/C:/Users/tausif.ahmad/.m2/repository/org/glassfish/hk2/hk2/2.6.1/aopalliance-repackaged.jar,file:/C:/Users/tausif.ahmad/.m2/repository/org/glassfish/hk2/hk2/2.6.1/hk2-core.jar,file:/C:/Users/tausif.ahmad/.m2/repository/org/glassfish/hk2/hk2/2.6.1/hk2-locator.jar,file:/C:/Users/tausif.ahmad/.m2/repository/org/glassfish/hk2/hk2/2.6.1/javassist.jar,file:/C:/Users/tausif.ahmad/.m2/repository/org/glassfish/hk2/hk2/2.6.1/hk2-runlevel.jar,file:/C:/Users/tausif.ahmad/.m2/repository/org/glassfish/hk2/hk2/2.6.1/class-model.jar,file:/C:/Users/tausif.ahmad/.m2/repository/org/glassfish/hk2/hk2/2.6.1/asm.jar,file:/C:/Users/tausif.ahmad/.m2/repository/org/glassfish/hk2/hk2/2.6.1/asm-analysis.jar,file:/C:/Users/tausif.ahmad/.m2/repository/org/glassfish/hk2/hk2/2.6.1/asm-commons.jar,file:/C:/Users/tausif.ahmad/.m2/repository/org/glassfish/hk2/hk2/2.6.1/asm-tree.jar,file:/C:/Users/tausif.ahmad/.m2/repository/org/glassfish/hk2/hk2/2.6.1/asm-util.jar] 
[2023-08-11 10:27:30,065] - [org.springframework.boot.devtools.env.DevToolsPropertyDefaultsPostProcessor] [logTo] -> (INFO) [Devtools property defaults active! Set 'spring.devtools.add-properties' to 'false' to disable] 
[2023-08-11 10:27:30,066] - [org.springframework.boot.devtools.env.DevToolsPropertyDefaultsPostProcessor] [logTo] -> (INFO) [For additional web related logging consider setting the 'logging.level.web' property to 'DEBUG'] 
[2023-08-11 10:27:33,822] - [org.springframework.data.repository.config.RepositoryConfigurationDelegate] [registerRepositoriesIn] -> (INFO) [Bootstrapping Spring Data JPA repositories in DEFAULT mode.] 
[2023-08-11 10:27:34,195] - [org.springframework.data.repository.config.RepositoryConfigurationDelegate] [registerRepositoriesIn] -> (INFO) [Finished Spring Data repository scanning in 345 ms. Found 9 JPA repository interfaces.] 
[2023-08-11 10:27:37,863] - [org.springframework.boot.web.embedded.tomcat.TomcatWebServer] [initialize] -> (INFO) [Tomcat initialized with port(s): 9002 (http)] 
[2023-08-11 10:27:37,896] - [org.apache.coyote.http11.Http11NioProtocol] [log] -> (INFO) [Initializing ProtocolHandler ["http-nio-9002"]] 
[2023-08-11 10:27:37,897] - [org.apache.catalina.core.StandardService] [log] -> (INFO) [Starting service [Tomcat]] 
[2023-08-11 10:27:37,899] - [org.apache.catalina.core.StandardEngine] [log] -> (INFO) [Starting Servlet engine: [Apache Tomcat/9.0.65]] 
[2023-08-11 10:27:40,705] - [org.apache.catalina.core.ContainerBase.[Tomcat].[localhost].[/]] [log] -> (INFO) [Initializing Spring embedded WebApplicationContext] 
[2023-08-11 10:27:40,705] - [org.springframework.boot.web.servlet.context.ServletWebServerApplicationContext] [prepareWebApplicationContext] -> (INFO) [Root WebApplicationContext: initialization completed in 10636 ms] 
[2023-08-11 10:27:40,796] - [org.camunda.bpm.spring.boot.starter.rest.CamundaJerseyResourceConfig] [registerCamundaRestResources] -> (INFO) [Configuring camunda rest api.] 
[2023-08-11 10:27:40,874] - [org.camunda.bpm.spring.boot.starter.rest.CamundaJerseyResourceConfig] [registerCamundaRestResources] -> (INFO) [Finished configuring camunda rest api.] 
[2023-08-11 10:27:42,225] - [org.hibernate.jpa.internal.util.LogHelper] [logPersistenceUnitInformation] -> (INFO) [HHH000204: Processing PersistenceUnitInfo [name: default]] 
[2023-08-11 10:27:42,630] - [org.hibernate.Version] [logVersion] -> (INFO) [HHH000412: Hibernate ORM core version 5.6.11.Final] 
[2023-08-11 10:27:43,380] - [org.hibernate.annotations.common.Version] [<clinit>] -> (INFO) [HCANN000001: Hibernate Commons Annotations {5.1.2.Final}] 
[2023-08-11 10:27:43,935] - [com.zaxxer.hikari.HikariDataSource] [getConnection] -> (INFO) [HikariPool-1 - Starting...] 
[2023-08-11 10:27:49,460] - [com.zaxxer.hikari.HikariDataSource] [getConnection] -> (INFO) [HikariPool-1 - Start completed.] 
[2023-08-11 10:27:49,539] - [org.hibernate.dialect.Dialect] [<init>] -> (INFO) [HHH000400: Using dialect: org.hibernate.dialect.MySQL5InnoDBDialect] 
[2023-08-11 10:28:00,401] - [org.hibernate.engine.transaction.jta.platform.internal.JtaPlatformInitiator] [initiateService] -> (INFO) [HHH000490: Using JtaPlatform implementation: [org.hibernate.engine.transaction.jta.platform.internal.NoJtaPlatform]] 
[2023-08-11 10:28:00,441] - [org.springframework.orm.jpa.LocalContainerEntityManagerFactoryBean] [buildNativeEntityManagerFactory] -> (INFO) [Initialized JPA EntityManagerFactory for persistence unit 'default'] 
[2023-08-11 10:28:02,650] - [org.camunda.bpm.spring.boot] [logInfo] -> (INFO) [STARTER-SB040 Setting up jobExecutor with corePoolSize=3, maxPoolSize:10] 
[2023-08-11 10:28:03,069] - [org.camunda.bpm.engine.cfg] [logInfo] -> (INFO) [ENGINE-12003 Plugin 'CompositeProcessEnginePlugin[genericPropertiesConfiguration, camundaProcessEngineConfiguration, camundaDatasourceConfiguration, camundaJpaConfiguration, camundaJobConfiguration, camundaHistoryConfiguration, camundaMetricsConfiguration, camundaAuthorizationConfiguration, CreateAdminUserConfiguration[adminUser=AdminUserProperty[id=Test, firstName=Test, lastName=Test, email=Test@localhost, password=******]], failedJobConfiguration, disableDeploymentResourcePattern, eventPublisherPlugin, ApplicationContextClassloaderSwitchPlugin, SpringBootSpinProcessEnginePlugin]' activated on process engine 'default'] 
[2023-08-11 10:28:03,085] - [org.camunda.bpm.spring.boot] [logInfo] -> (INFO) [STARTER-SB020 ProcessApplication enabled: autoDeployment via springConfiguration#deploymentResourcePattern is disabled] 
[2023-08-11 10:28:03,089] - [org.camunda.bpm.spring.boot.starter.event.EventPublisherPlugin] [preInit] -> (INFO) [EVENTING-001: Initialized Camunda Spring Boot Eventing Engine Plugin.] 
[2023-08-11 10:28:03,089] - [org.camunda.bpm.spring.boot.starter.event.EventPublisherPlugin] [preInit] -> (INFO) [EVENTING-003: Task events will be published as Spring Events.] 
[2023-08-11 10:28:03,090] - [org.camunda.bpm.spring.boot.starter.event.EventPublisherPlugin] [preInit] -> (INFO) [EVENTING-005: Execution events will be published as Spring Events.] 
[2023-08-11 10:28:03,097] - [org.camunda.bpm.spring.boot.starter.event.EventPublisherPlugin] [preInit] -> (INFO) [EVENTING-007: History events will be published as Spring events.] 
[2023-08-11 10:28:03,120] - [org.camunda.spin] [logInfo] -> (INFO) [SPIN-01010 Discovered Spin data format provider: org.camunda.spin.impl.json.jackson.format.JacksonJsonDataFormatProvider[name = application/json]] 
[2023-08-11 10:28:04,003] - [org.camunda.spin] [logInfo] -> (INFO) [SPIN-01010 Discovered Spin data format provider: org.camunda.spin.impl.xml.dom.format.DomXmlDataFormatProvider[name = application/xml]] 
[2023-08-11 10:28:04,325] - [org.camunda.spin] [logInfo] -> (INFO) [SPIN-01009 Discovered Spin data format: org.camunda.spin.impl.xml.dom.format.DomXmlDataFormat[name = application/xml]] 
[2023-08-11 10:28:04,326] - [org.camunda.spin] [logInfo] -> (INFO) [SPIN-01009 Discovered Spin data format: org.camunda.spin.impl.json.jackson.format.JacksonJsonDataFormat[name = application/json]] 
[2023-08-11 10:28:05,203] - [org.camunda.bpm.dmn.feel.scala] [logInfo] -> (INFO) [FEEL/SCALA-01001 Spin value mapper detected] 
[2023-08-11 10:28:05,454] - [org.camunda.feel.FeelEngine] [<init>] -> (INFO) [Engine created. [value-mapper: CompositeValueMapper(List(org.camunda.feel.impl.JavaValueMapper@4c3b1c43, org.camunda.spin.plugin.impl.feel.integration.SpinValueMapper@10a872a8)), function-provider: org.camunda.bpm.dmn.feel.impl.scala.function.CustomFunctionTransformer@6836780, clock: SystemClock, configuration: Configuration(false)]] 
[2023-08-11 10:28:21,753] - [org.camunda.bpm.connect] [logInfo] -> (INFO) [CNCT-01004 Discovered provider for connector id 'http-connector' and class 'org.camunda.connect.httpclient.impl.HttpConnectorImpl': 'org.camunda.connect.httpclient.impl.HttpConnectorProviderImpl'] 
[2023-08-11 10:28:21,768] - [org.camunda.bpm.connect] [logInfo] -> (INFO) [CNCT-01004 Discovered provider for connector id 'soap-http-connector' and class 'org.camunda.connect.httpclient.soap.impl.SoapHttpConnectorImpl': 'org.camunda.connect.httpclient.soap.impl.SoapHttpConnectorProviderImpl'] 
[2023-08-11 10:28:30,124] - [org.camunda.bpm.engine] [logInfo] -> (INFO) [ENGINE-00001 Process Engine default created.] 
[2023-08-11 10:28:32,051] - [org.camunda.bpm.spring.boot] [logInfo] -> (INFO) [STARTER-SB011 Skip creating initial Admin User, user does exist: UserEntity[id=Test, revision=1, firstName=Test, lastName=Test, email=Test@localhost, password={SHA-512}qaaod5sQzlNBX/DtkFXV2Wtk8JFgT7Sj5fESaYk+nEvrAaXdTQt9ciqlrYrvTsSbcsJ3q7r9e7fzAGkK8ePNCQ==, salt=jinu/MNTKMO3yXaPnYXLOA==, lockExpirationTime=null, attempts=0]] 
[2023-08-11 10:28:32,880] - [org.drools.compiler.kie.builder.impl.KieBuilderImpl] [packageNameForFile] -> (WARN) [File 'rules/tasks.drl' is in folder 'rules' but declares package 'com.foobat'. It is advised to have a correspondance between package and folder names.] 
[2023-08-11 10:28:36,268] - [org.springframework.boot.autoconfigure.orm.jpa.JpaBaseConfiguration$JpaWebConfiguration] [openEntityManagerInViewInterceptor] -> (WARN) [spring.jpa.open-in-view is enabled by default. Therefore, database queries may be performed during view rendering. Explicitly configure spring.jpa.open-in-view to disable this warning] 
[2023-08-11 10:28:37,491] - [org.camunda.bpm.spring.boot.starter.webapp.filter.LazyInitRegistration] [lazyInit] -> (INFO) [lazy initialized org.camunda.bpm.spring.boot.starter.webapp.filter.LazySecurityFilter@46de965f] 
[2023-08-11 10:28:37,495] - [org.camunda.bpm.spring.boot.starter.webapp.filter.LazyInitRegistration] [lazyInit] -> (INFO) [lazy initialized org.camunda.bpm.spring.boot.starter.webapp.filter.LazyProcessEnginesFilter@7d71d649] 
[2023-08-11 10:28:38,389] - [org.springframework.boot.devtools.autoconfigure.OptionalLiveReloadServer] [startServer] -> (INFO) [LiveReload server is running on port 35729] 
[2023-08-11 10:28:38,498] - [org.apache.coyote.http11.Http11NioProtocol] [log] -> (INFO) [Starting ProtocolHandler ["http-nio-9002"]] 
[2023-08-11 10:28:38,627] - [org.springframework.boot.web.embedded.tomcat.TomcatWebServer] [start] -> (INFO) [Tomcat started on port(s): 9002 (http) with context path ''] 
[2023-08-11 10:28:38,716] - [org.camunda.bpm.container] [logInfo] -> (INFO) [ENGINE-08024 Found processes.xml file at file:/C:/Users/tausif.ahmad/Downloads/Mergedsandipan/FresherSuperChargers/target/classes/META-INF/processes.xml] 
[2023-08-11 10:28:39,122] - [org.camunda.bpm.container] [logInfo] -> (INFO) [ENGINE-08023 Deployment summary for process archive 'trainingWorkflowApplication': 

        userform.form
        training-workflow.bpmn
        userformPOC.form
] 
[2023-08-11 10:28:42,998] - [org.camunda.bpm.application] [logInfo] -> (INFO) [ENGINE-07021 ProcessApplication 'trainingWorkflowApplication' registered for DB deployments [9e8dcb39-3753-11ee-8ce5-fa89d2161e61]. Will execute process definitions 

        Decision[version: 1, id: Decision:1:9ebcca7d-3753-11ee-8ce5-fa89d2161e61]
Deployment does not provide any case definitions.] 
[2023-08-11 10:28:43,528] - [org.camunda.bpm.container] [logInfo] -> (INFO) [ENGINE-08050 Process application trainingWorkflowApplication successfully deployed] 
[2023-08-11 10:28:43,537] - [com.hcl.elch.freshersuperchargers.trainingworkflow.TrainingWorkflowApplication] [logStarted] -> (INFO) [Started TrainingWorkflowApplication in 75.197 seconds (JVM running for 87.822)] 
[2023-08-11 10:28:43,548] - [org.camunda.bpm.engine.jobexecutor] [logInfo] -> (INFO) [ENGINE-14014 Starting up the JobExecutor[org.camunda.bpm.engine.spring.components.jobexecutor.SpringJobExecutor].] 
[2023-08-11 10:28:43,554] - [org.camunda.bpm.engine.jobexecutor] [logInfo] -> (INFO) [ENGINE-14018 JobExecutor[org.camunda.bpm.engine.spring.components.jobexecutor.SpringJobExecutor] starting to acquire jobs] 
[2023-08-11 10:28:49,525] - [org.apache.catalina.core.ContainerBase.[Tomcat].[localhost].[/]] [log] -> (INFO) [Initializing Spring DispatcherServlet 'dispatcherServlet'] 
[2023-08-11 10:28:49,526] - [org.springframework.web.servlet.DispatcherServlet] [initServletBean] -> (INFO) [Initializing Servlet 'dispatcherServlet'] 
[2023-08-11 10:28:49,535] - [org.springframework.web.servlet.DispatcherServlet] [initServletBean] -> (INFO) [Completed initialization in 9 ms] 
[2023-08-11 10:28:51,552] - [org.apache.catalina.util.SessionIdGeneratorBase] [log] -> (WARN) [Creation of SecureRandom instance for session ID generation using [SHA1PRNG] took [1,804] milliseconds.] 
[2023-08-11 10:29:02,192] - [com.hcl.elch.freshersuperchargers.trainingworkflow.controller.TaskAssignmentListener] [notify] -> (INFO) [This is the SME/Approver task] 
[2023-08-11 10:29:02,745] - [com.hcl.elch.freshersuperchargers.trainingworkflow.controller.TaskAssignmentListener] [notify] -> (INFO) [Group users [UserEntity[id=Sandipan, revision=1, firstName=Sandipan, lastName=Dandapat, email=sandipan.dandapat@hcl.com, password={SHA-512}kQ6NA9QbbGTtly4WgYV8OS0pvm3X04jeAeWiHQEwbCzUh8fU4AOFAUAv6x9Q4HrIvSwW8GZD9N1SvvumSU8OCQ==, salt=2r++8UMO/XZkQ4j8IDMIEA==, lockExpirationTime=null, attempts=0], UserEntity[id=Tausif, revision=1, firstName=Tausif, lastName=Ahmad, email=tausif.ahmad@hcl.com, password={SHA-512}8AZdCvEoRz8j1Eqb8ENXBT+yi1eIdP1pi5HwFBQZZLJ+zBZ5vd7GQSp0rAwSAHrZTTkVqNmXtDF745Wl47GZIg==, salt=SHtLG31KQ+zhHbjITaUxxQ==, lockExpirationTime=null, attempts=0]]] 
[2023-08-11 10:29:02,746] - [com.hcl.elch.freshersuperchargers.trainingworkflow.controller.TaskAssignmentListener] [notify] -> (INFO) [Assignees :Sandipan] 
[2023-08-11 10:29:02,747] - [com.hcl.elch.freshersuperchargers.trainingworkflow.controller.TaskAssignmentListener] [notify] -> (INFO) [Assignees Mail :sandipan.dandapat@hcl.com] 
[2023-08-11 10:29:02,747] - [com.hcl.elch.freshersuperchargers.trainingworkflow.controller.TaskAssignmentListener] [notify] -> (INFO) [Assignees :Tausif] 
[2023-08-11 10:29:02,748] - [com.hcl.elch.freshersuperchargers.trainingworkflow.controller.TaskAssignmentListener] [notify] -> (INFO) [Assignees Mail :tausif.ahmad@hcl.com] 
[2023-08-11 10:29:02,749] - [com.hcl.elch.freshersuperchargers.trainingworkflow.controller.TaskAssignmentListener] [notify] -> (INFO) [Recipient :[sandipan.dandapat@hcl.com, tausif.ahmad@hcl.com]] 
[2023-08-11 10:29:02,749] - [com.hcl.elch.freshersuperchargers.trainingworkflow.controller.TaskAssignmentListener] [notify] -> (INFO) [Approval url :- http://35.169.136.179:9002/camunda/app/tasklist/default/#/task=c9f0c1d6-3803-11ee-8ac7-085bd6a1e528] 
[2023-08-11 10:29:02,750] - [com.hcl.elch.freshersuperchargers.trainingworkflow.service.EmailSenderService] [mailSendingToApprover] -> (INFO) [Inside the mailSendingToApprover() method now........] 
[2023-08-11 10:29:03,201] - [com.hcl.elch.freshersuperchargers.trainingworkflow.service.EmailSenderService] [mailSendingToApprover] -> (ERROR) [Exception encountered while sending mail to Approver..] 
[2023-08-11 10:35:02,536] - [com.hcl.elch.freshersuperchargers.trainingworkflow.controller.TaskController] [getDetails] -> (INFO) [Start Event Connected] 
[2023-08-11 10:35:03,282] - [com.zaxxer.hikari.pool.PoolBase] [isConnectionAlive] -> (WARN) [HikariPool-1 - Failed to validate connection com.mysql.cj.jdbc.ConnectionImpl@5e9cf2a7 (No operations allowed after connection closed.). Possibly consider using a shorter maxLifetime value.] 
[2023-08-11 10:35:05,212] - [com.hcl.elch.freshersuperchargers.trainingworkflow.exceptions.CamundaException] [<init>] -> (ERROR) [org.springframework.web.client.HttpClientErrorException$NotFound: 404 : "{"type":"RestException","message":"No matching process definition with key: Decision and no tenant-id","code":null}"] 
[2023-08-11 10:35:05,213] - [com.hcl.elch.freshersuperchargers.trainingworkflow.exceptions.CamundaException] [<init>] -> (ERROR) [Camunda Exception, Unable to start the process] 
[2023-08-11 10:35:06,669] - [com.hcl.elch.freshersuperchargers.trainingworkflow.service.SchedulerServiceImpl] [fetchTask] -> (ERROR) [Exception occured, Unable to perform Scheduler Task com.hcl.elch.freshersuperchargers.trainingworkflow.exceptions.CamundaException: Camunda Exception, Unable to start the process] 
[2023-08-11 10:37:02,144] - [com.hcl.elch.freshersuperchargers.trainingworkflow.controller.TaskController] [getDetails] -> (INFO) [Start Event Connected] 
[2023-08-11 10:37:04,077] - [com.hcl.elch.freshersuperchargers.trainingworkflow.exceptions.CamundaException] [<init>] -> (ERROR) [org.springframework.web.client.HttpClientErrorException$NotFound: 404 : "{"type":"RestException","message":"No matching process definition with key: Decision and no tenant-id","code":null}"] 
[2023-08-11 10:37:04,078] - [com.hcl.elch.freshersuperchargers.trainingworkflow.exceptions.CamundaException] [<init>] -> (ERROR) [Camunda Exception, Unable to start the process] 
[2023-08-11 10:37:04,842] - [com.hcl.elch.freshersuperchargers.trainingworkflow.service.SchedulerServiceImpl] [fetchTask] -> (ERROR) [Exception occured, Unable to perform Scheduler Task com.hcl.elch.freshersuperchargers.trainingworkflow.exceptions.CamundaException: Camunda Exception, Unable to start the process] 
[2023-08-11 10:37:19,973] - [org.springframework.boot.admin.SpringApplicationAdminMXBeanRegistrar$SpringApplicationAdmin] [shutdown] -> (INFO) [Application shutdown requested.] 
[2023-08-11 10:37:22,431] - [org.camunda.bpm.container] [logInfo] -> (INFO) [ENGINE-08051 Process application trainingWorkflowApplication undeployed] 
[2023-08-11 10:37:22,886] - [org.apache.coyote.http11.Http11NioProtocol] [log] -> (INFO) [Pausing ProtocolHandler ["http-nio-9002"]] 
[2023-08-11 10:37:22,887] - [org.apache.catalina.core.StandardService] [log] -> (INFO) [Stopping service [Tomcat]] 
[2023-08-11 10:37:22,913] - [org.apache.catalina.core.ContainerBase.[Tomcat].[localhost].[/]] [log] -> (INFO) [Destroying Spring FrameworkServlet 'dispatcherServlet'] 
[2023-08-11 10:37:22,933] - [org.apache.coyote.http11.Http11NioProtocol] [log] -> (INFO) [Stopping ProtocolHandler ["http-nio-9002"]] 
[2023-08-11 10:37:22,939] - [org.apache.coyote.http11.Http11NioProtocol] [log] -> (INFO) [Destroying ProtocolHandler ["http-nio-9002"]] 
[2023-08-11 12:23:02,950] - [org.hibernate.validator.internal.util.Version] [<clinit>] -> (INFO) [HV000001: Hibernate Validator 6.2.5.Final] 
[2023-08-11 12:23:03,045] - [com.hcl.elch.freshersuperchargers.trainingworkflow.TrainingWorkflowApplication] [logStarting] -> (INFO) [Starting TrainingWorkflowApplication using Java 11.0.19 on LP-5CG0471VCD with PID 15216 (C:\Users\tausif.ahmad\Downloads\Mergedsandipan\FresherSuperChargers\target\classes started by tausif.ahmad in C:\Users\tausif.ahmad\Downloads\Mergedsandipan\FresherSuperChargers)] 
[2023-08-11 12:23:03,054] - [com.hcl.elch.freshersuperchargers.trainingworkflow.TrainingWorkflowApplication] [logStartupProfileInfo] -> (INFO) [No active profile set, falling back to 1 default profile: "default"] 
[2023-08-11 12:23:03,168] - [org.springframework.boot.devtools.restart.ChangeableUrls] [logTo] -> (INFO) [The Class-Path manifest attribute in C:\Users\tausif.ahmad\.m2\repository\org\glassfish\hk2\hk2\2.6.1\hk2-2.6.1.jar referenced one or more files that do not exist: file:/C:/Users/tausif.ahmad/.m2/repository/org/glassfish/hk2/hk2/2.6.1/hk2-utils.jar,file:/C:/Users/tausif.ahmad/.m2/repository/org/glassfish/hk2/hk2/2.6.1/jakarta.annotation-api.jar,file:/C:/Users/tausif.ahmad/.m2/repository/org/glassfish/hk2/hk2/2.6.1/jakarta.inject.jar,file:/C:/Users/tausif.ahmad/.m2/repository/org/glassfish/hk2/hk2/2.6.1/hk2-api.jar,file:/C:/Users/tausif.ahmad/.m2/repository/org/glassfish/hk2/hk2/2.6.1/aopalliance-repackaged.jar,file:/C:/Users/tausif.ahmad/.m2/repository/org/glassfish/hk2/hk2/2.6.1/hk2-core.jar,file:/C:/Users/tausif.ahmad/.m2/repository/org/glassfish/hk2/hk2/2.6.1/hk2-locator.jar,file:/C:/Users/tausif.ahmad/.m2/repository/org/glassfish/hk2/hk2/2.6.1/javassist.jar,file:/C:/Users/tausif.ahmad/.m2/repository/org/glassfish/hk2/hk2/2.6.1/hk2-runlevel.jar,file:/C:/Users/tausif.ahmad/.m2/repository/org/glassfish/hk2/hk2/2.6.1/class-model.jar,file:/C:/Users/tausif.ahmad/.m2/repository/org/glassfish/hk2/hk2/2.6.1/asm.jar,file:/C:/Users/tausif.ahmad/.m2/repository/org/glassfish/hk2/hk2/2.6.1/asm-analysis.jar,file:/C:/Users/tausif.ahmad/.m2/repository/org/glassfish/hk2/hk2/2.6.1/asm-commons.jar,file:/C:/Users/tausif.ahmad/.m2/repository/org/glassfish/hk2/hk2/2.6.1/asm-tree.jar,file:/C:/Users/tausif.ahmad/.m2/repository/org/glassfish/hk2/hk2/2.6.1/asm-util.jar] 
[2023-08-11 12:23:03,168] - [org.springframework.boot.devtools.env.DevToolsPropertyDefaultsPostProcessor] [logTo] -> (INFO) [Devtools property defaults active! Set 'spring.devtools.add-properties' to 'false' to disable] 
[2023-08-11 12:23:03,170] - [org.springframework.boot.devtools.env.DevToolsPropertyDefaultsPostProcessor] [logTo] -> (INFO) [For additional web related logging consider setting the 'logging.level.web' property to 'DEBUG'] 
[2023-08-11 12:23:04,962] - [org.springframework.data.repository.config.RepositoryConfigurationDelegate] [registerRepositoriesIn] -> (INFO) [Bootstrapping Spring Data JPA repositories in DEFAULT mode.] 
[2023-08-11 12:23:05,200] - [org.springframework.data.repository.config.RepositoryConfigurationDelegate] [registerRepositoriesIn] -> (INFO) [Finished Spring Data repository scanning in 220 ms. Found 9 JPA repository interfaces.] 
[2023-08-11 12:23:07,067] - [org.springframework.boot.web.embedded.tomcat.TomcatWebServer] [initialize] -> (INFO) [Tomcat initialized with port(s): 9002 (http)] 
[2023-08-11 12:23:07,108] - [org.apache.coyote.http11.Http11NioProtocol] [log] -> (INFO) [Initializing ProtocolHandler ["http-nio-9002"]] 
[2023-08-11 12:23:07,110] - [org.apache.catalina.core.StandardService] [log] -> (INFO) [Starting service [Tomcat]] 
[2023-08-11 12:23:07,111] - [org.apache.catalina.core.StandardEngine] [log] -> (INFO) [Starting Servlet engine: [Apache Tomcat/9.0.65]] 
[2023-08-11 12:23:08,527] - [org.apache.catalina.core.ContainerBase.[Tomcat].[localhost].[/]] [log] -> (INFO) [Initializing Spring embedded WebApplicationContext] 
[2023-08-11 12:23:08,528] - [org.springframework.boot.web.servlet.context.ServletWebServerApplicationContext] [prepareWebApplicationContext] -> (INFO) [Root WebApplicationContext: initialization completed in 5355 ms] 
[2023-08-11 12:23:08,577] - [org.camunda.bpm.spring.boot.starter.rest.CamundaJerseyResourceConfig] [registerCamundaRestResources] -> (INFO) [Configuring camunda rest api.] 
[2023-08-11 12:23:08,613] - [org.camunda.bpm.spring.boot.starter.rest.CamundaJerseyResourceConfig] [registerCamundaRestResources] -> (INFO) [Finished configuring camunda rest api.] 
[2023-08-11 12:23:09,337] - [org.hibernate.jpa.internal.util.LogHelper] [logPersistenceUnitInformation] -> (INFO) [HHH000204: Processing PersistenceUnitInfo [name: default]] 
[2023-08-11 12:23:09,470] - [org.hibernate.Version] [logVersion] -> (INFO) [HHH000412: Hibernate ORM core version 5.6.11.Final] 
[2023-08-11 12:23:09,831] - [org.hibernate.annotations.common.Version] [<clinit>] -> (INFO) [HCANN000001: Hibernate Commons Annotations {5.1.2.Final}] 
[2023-08-11 12:23:10,089] - [com.zaxxer.hikari.HikariDataSource] [getConnection] -> (INFO) [HikariPool-1 - Starting...] 
[2023-08-11 12:23:14,553] - [com.zaxxer.hikari.HikariDataSource] [getConnection] -> (INFO) [HikariPool-1 - Start completed.] 
[2023-08-11 12:23:14,603] - [org.hibernate.dialect.Dialect] [<init>] -> (INFO) [HHH000400: Using dialect: org.hibernate.dialect.MySQL5InnoDBDialect] 
[2023-08-11 12:23:22,125] - [org.hibernate.engine.transaction.jta.platform.internal.JtaPlatformInitiator] [initiateService] -> (INFO) [HHH000490: Using JtaPlatform implementation: [org.hibernate.engine.transaction.jta.platform.internal.NoJtaPlatform]] 
[2023-08-11 12:23:22,167] - [org.springframework.orm.jpa.LocalContainerEntityManagerFactoryBean] [buildNativeEntityManagerFactory] -> (INFO) [Initialized JPA EntityManagerFactory for persistence unit 'default'] 
[2023-08-11 12:23:23,092] - [org.camunda.bpm.spring.boot] [logInfo] -> (INFO) [STARTER-SB040 Setting up jobExecutor with corePoolSize=3, maxPoolSize:10] 
[2023-08-11 12:23:23,312] - [org.camunda.bpm.engine.cfg] [logInfo] -> (INFO) [ENGINE-12003 Plugin 'CompositeProcessEnginePlugin[genericPropertiesConfiguration, camundaProcessEngineConfiguration, camundaDatasourceConfiguration, camundaJpaConfiguration, camundaJobConfiguration, camundaHistoryConfiguration, camundaMetricsConfiguration, camundaAuthorizationConfiguration, CreateAdminUserConfiguration[adminUser=AdminUserProperty[id=Test, firstName=Test, lastName=Test, email=Test@localhost, password=******]], failedJobConfiguration, disableDeploymentResourcePattern, eventPublisherPlugin, ApplicationContextClassloaderSwitchPlugin, SpringBootSpinProcessEnginePlugin]' activated on process engine 'default'] 
[2023-08-11 12:23:23,326] - [org.camunda.bpm.spring.boot] [logInfo] -> (INFO) [STARTER-SB020 ProcessApplication enabled: autoDeployment via springConfiguration#deploymentResourcePattern is disabled] 
[2023-08-11 12:23:23,329] - [org.camunda.bpm.spring.boot.starter.event.EventPublisherPlugin] [preInit] -> (INFO) [EVENTING-001: Initialized Camunda Spring Boot Eventing Engine Plugin.] 
[2023-08-11 12:23:23,329] - [org.camunda.bpm.spring.boot.starter.event.EventPublisherPlugin] [preInit] -> (INFO) [EVENTING-003: Task events will be published as Spring Events.] 
[2023-08-11 12:23:23,330] - [org.camunda.bpm.spring.boot.starter.event.EventPublisherPlugin] [preInit] -> (INFO) [EVENTING-005: Execution events will be published as Spring Events.] 
[2023-08-11 12:23:23,335] - [org.camunda.bpm.spring.boot.starter.event.EventPublisherPlugin] [preInit] -> (INFO) [EVENTING-007: History events will be published as Spring events.] 
[2023-08-11 12:23:23,358] - [org.camunda.spin] [logInfo] -> (INFO) [SPIN-01010 Discovered Spin data format provider: org.camunda.spin.impl.json.jackson.format.JacksonJsonDataFormatProvider[name = application/json]] 
[2023-08-11 12:23:23,823] - [org.camunda.spin] [logInfo] -> (INFO) [SPIN-01010 Discovered Spin data format provider: org.camunda.spin.impl.xml.dom.format.DomXmlDataFormatProvider[name = application/xml]] 
[2023-08-11 12:23:24,027] - [org.camunda.spin] [logInfo] -> (INFO) [SPIN-01009 Discovered Spin data format: org.camunda.spin.impl.xml.dom.format.DomXmlDataFormat[name = application/xml]] 
[2023-08-11 12:23:24,027] - [org.camunda.spin] [logInfo] -> (INFO) [SPIN-01009 Discovered Spin data format: org.camunda.spin.impl.json.jackson.format.JacksonJsonDataFormat[name = application/json]] 
[2023-08-11 12:23:24,572] - [org.camunda.bpm.dmn.feel.scala] [logInfo] -> (INFO) [FEEL/SCALA-01001 Spin value mapper detected] 
[2023-08-11 12:23:24,737] - [org.camunda.feel.FeelEngine] [<init>] -> (INFO) [Engine created. [value-mapper: CompositeValueMapper(List(org.camunda.feel.impl.JavaValueMapper@24f99393, org.camunda.spin.plugin.impl.feel.integration.SpinValueMapper@a381cd9)), function-provider: org.camunda.bpm.dmn.feel.impl.scala.function.CustomFunctionTransformer@1785ea13, clock: SystemClock, configuration: Configuration(false)]] 
[2023-08-11 12:23:32,793] - [org.camunda.bpm.connect] [logInfo] -> (INFO) [CNCT-01004 Discovered provider for connector id 'http-connector' and class 'org.camunda.connect.httpclient.impl.HttpConnectorImpl': 'org.camunda.connect.httpclient.impl.HttpConnectorProviderImpl'] 
[2023-08-11 12:23:32,800] - [org.camunda.bpm.connect] [logInfo] -> (INFO) [CNCT-01004 Discovered provider for connector id 'soap-http-connector' and class 'org.camunda.connect.httpclient.soap.impl.SoapHttpConnectorImpl': 'org.camunda.connect.httpclient.soap.impl.SoapHttpConnectorProviderImpl'] 
[2023-08-11 12:23:41,193] - [org.camunda.bpm.engine] [logInfo] -> (INFO) [ENGINE-00001 Process Engine default created.] 
[2023-08-11 12:23:43,107] - [org.camunda.bpm.spring.boot] [logInfo] -> (INFO) [STARTER-SB011 Skip creating initial Admin User, user does exist: UserEntity[id=Test, revision=1, firstName=Test, lastName=Test, email=Test@localhost, password={SHA-512}qaaod5sQzlNBX/DtkFXV2Wtk8JFgT7Sj5fESaYk+nEvrAaXdTQt9ciqlrYrvTsSbcsJ3q7r9e7fzAGkK8ePNCQ==, salt=jinu/MNTKMO3yXaPnYXLOA==, lockExpirationTime=null, attempts=0]] 
[2023-08-11 12:23:43,672] - [org.drools.compiler.kie.builder.impl.KieBuilderImpl] [packageNameForFile] -> (WARN) [File 'rules/tasks.drl' is in folder 'rules' but declares package 'com.foobat'. It is advised to have a correspondance between package and folder names.] 
[2023-08-11 12:23:45,965] - [org.springframework.boot.autoconfigure.orm.jpa.JpaBaseConfiguration$JpaWebConfiguration] [openEntityManagerInViewInterceptor] -> (WARN) [spring.jpa.open-in-view is enabled by default. Therefore, database queries may be performed during view rendering. Explicitly configure spring.jpa.open-in-view to disable this warning] 
[2023-08-11 12:23:46,577] - [org.camunda.bpm.spring.boot.starter.webapp.filter.LazyInitRegistration] [lazyInit] -> (INFO) [lazy initialized org.camunda.bpm.spring.boot.starter.webapp.filter.LazyProcessEnginesFilter@3769ae8e] 
[2023-08-11 12:23:46,710] - [org.camunda.bpm.spring.boot.starter.webapp.filter.LazyInitRegistration] [lazyInit] -> (INFO) [lazy initialized org.camunda.bpm.spring.boot.starter.webapp.filter.LazySecurityFilter@51129bea] 
[2023-08-11 12:23:47,225] - [org.springframework.boot.devtools.autoconfigure.OptionalLiveReloadServer] [startServer] -> (INFO) [LiveReload server is running on port 35729] 
[2023-08-11 12:23:47,285] - [org.apache.coyote.http11.Http11NioProtocol] [log] -> (INFO) [Starting ProtocolHandler ["http-nio-9002"]] 
[2023-08-11 12:23:47,373] - [org.springframework.boot.web.embedded.tomcat.TomcatWebServer] [start] -> (INFO) [Tomcat started on port(s): 9002 (http) with context path ''] 
[2023-08-11 12:23:47,424] - [org.camunda.bpm.container] [logInfo] -> (INFO) [ENGINE-08024 Found processes.xml file at file:/C:/Users/tausif.ahmad/Downloads/Mergedsandipan/FresherSuperChargers/target/classes/META-INF/processes.xml] 
[2023-08-11 12:23:47,612] - [org.camunda.bpm.container] [logInfo] -> (INFO) [ENGINE-08023 Deployment summary for process archive 'trainingWorkflowApplication': 

        userform.form
        training-workflow.bpmn
        userformPOC.form
] 
[2023-08-11 12:23:51,329] - [org.camunda.bpm.application] [logInfo] -> (INFO) [ENGINE-07021 ProcessApplication 'trainingWorkflowApplication' registered for DB deployments [3bc64e56-3813-11ee-92f4-1244bd7b236f, ed9148ba-3804-11ee-9848-f889d2161e62]. Will execute process definitions 

        Decision[version: 2, id: Decision:2:3be4d2da-3813-11ee-92f4-1244bd7b236f]
        Decision[version: 1, id: Decision:1:edcb6b8e-3804-11ee-9848-f889d2161e62]
Deployment does not provide any case definitions.] 
[2023-08-11 12:23:51,896] - [org.camunda.bpm.container] [logInfo] -> (INFO) [ENGINE-08050 Process application trainingWorkflowApplication successfully deployed] 
[2023-08-11 12:23:51,904] - [com.hcl.elch.freshersuperchargers.trainingworkflow.TrainingWorkflowApplication] [logStarted] -> (INFO) [Started TrainingWorkflowApplication in 49.63 seconds (JVM running for 56.356)] 
[2023-08-11 12:23:51,911] - [org.camunda.bpm.engine.jobexecutor] [logInfo] -> (INFO) [ENGINE-14014 Starting up the JobExecutor[org.camunda.bpm.engine.spring.components.jobexecutor.SpringJobExecutor].] 
[2023-08-11 12:23:51,916] - [org.camunda.bpm.engine.jobexecutor] [logInfo] -> (INFO) [ENGINE-14018 JobExecutor[org.camunda.bpm.engine.spring.components.jobexecutor.SpringJobExecutor] starting to acquire jobs] 
[2023-08-11 12:28:12,556] - [com.hcl.elch.freshersuperchargers.trainingworkflow.controller.ServiceFinalTask] [execute] -> (INFO) [In Final Service task] 
[2023-08-11 12:28:14,725] - [org.drools.compiler.kie.builder.impl.KieContainerImpl] [createKieBase] -> (INFO) [Start creation of KieBase: defaultKieBase] 
[2023-08-11 12:28:14,920] - [org.drools.compiler.kie.builder.impl.KieContainerImpl] [createKieBase] -> (INFO) [End creation of KieBase: defaultKieBase] 
[2023-08-11 12:28:15,320] - [com.hcl.elch.freshersuperchargers.trainingworkflow.service.TaskServiceImpl] [getStatus] -> (INFO) [Modules form database is :- Modules(moduleId=1, moduleName=NEW_HIRE, Exam=0, groupId=null, duration=5, POC=0)] 
[2023-08-11 12:28:16,033] - [com.hcl.elch.freshersuperchargers.trainingworkflow.service.TaskServiceImpl] [setComplete] -> (INFO) [Approver Name null] 
[2023-08-11 12:28:16,710] - [com.hcl.elch.freshersuperchargers.trainingworkflow.controller.ServiceFinalTask] [execute] -> (INFO) [Current task obj from ServiceFinalTask :- Task(id=0, taskId=1, userId=52087286, task=NEW_HIRE, Status=Completed, duedate=2023-07-31, approver=null)] 
[2023-08-11 12:28:16,710] - [com.hcl.elch.freshersuperchargers.trainingworkflow.controller.ServiceFinalTask] [execute] -> (INFO) [Next task obj from ServiceFinalTask :- Task(id=28, taskId=2, userId=52087286, task=JAVA, Status=InProgress, duedate=2023-08-21, approver=null)] 
[2023-08-11 12:28:16,711] - [com.hcl.elch.freshersuperchargers.trainingworkflow.service.EmailSenderService] [mailSendingForNextTask] -> (INFO) [Inside the mailSendingForNextTask() method now........] 
[2023-08-11 12:28:17,545] - [com.hcl.elch.freshersuperchargers.trainingworkflow.service.EmailSenderService] [mailSendingForNextTask] -> (ERROR) [Exception encountered while sending next task mail..] 
[2023-08-11 12:28:40,988] - [com.zaxxer.hikari.pool.PoolBase] [isConnectionAlive] -> (WARN) [HikariPool-1 - Failed to validate connection com.mysql.cj.jdbc.ConnectionImpl@73841c13 (No operations allowed after connection closed.). Possibly consider using a shorter maxLifetime value.] 
[2023-08-11 12:28:41,431] - [com.zaxxer.hikari.pool.PoolBase] [isConnectionAlive] -> (WARN) [HikariPool-1 - Failed to validate connection com.mysql.cj.jdbc.ConnectionImpl@6b07e404 (No operations allowed after connection closed.). Possibly consider using a shorter maxLifetime value.] 
[2023-08-11 12:28:41,827] - [com.zaxxer.hikari.pool.PoolBase] [isConnectionAlive] -> (WARN) [HikariPool-1 - Failed to validate connection com.mysql.cj.jdbc.ConnectionImpl@383009f3 (No operations allowed after connection closed.). Possibly consider using a shorter maxLifetime value.] 
[2023-08-11 12:28:51,840] - [com.zaxxer.hikari.pool.PoolBase] [isConnectionAlive] -> (WARN) [HikariPool-1 - Failed to validate connection com.mysql.cj.jdbc.ConnectionImpl@7434013f (No operations allowed after connection closed.). Possibly consider using a shorter maxLifetime value.] 
[2023-08-11 12:28:52,254] - [com.zaxxer.hikari.pool.PoolBase] [isConnectionAlive] -> (WARN) [HikariPool-1 - Failed to validate connection com.mysql.cj.jdbc.ConnectionImpl@18800613 (No operations allowed after connection closed.). Possibly consider using a shorter maxLifetime value.] 
[2023-08-11 12:30:34,787] - [org.springframework.boot.admin.SpringApplicationAdminMXBeanRegistrar$SpringApplicationAdmin] [shutdown] -> (INFO) [Application shutdown requested.] 
[2023-08-11 12:30:39,064] - [org.springframework.boot.admin.SpringApplicationAdminMXBeanRegistrar$SpringApplicationAdmin] [shutdown] -> (INFO) [Application shutdown requested.] 
[2023-08-11 12:30:39,230] - [org.camunda.bpm.container] [logInfo] -> (INFO) [ENGINE-08051 Process application trainingWorkflowApplication undeployed] 
[2023-08-11 12:30:39,251] - [org.springframework.boot.admin.SpringApplicationAdminMXBeanRegistrar$SpringApplicationAdmin] [shutdown] -> (INFO) [Application shutdown requested.] 
[2023-08-11 12:30:39,426] - [org.springframework.boot.admin.SpringApplicationAdminMXBeanRegistrar$SpringApplicationAdmin] [shutdown] -> (INFO) [Application shutdown requested.] 
[2023-08-11 12:30:39,644] - [org.springframework.boot.admin.SpringApplicationAdminMXBeanRegistrar$SpringApplicationAdmin] [shutdown] -> (INFO) [Application shutdown requested.] 
[2023-08-11 12:30:39,940] - [org.apache.coyote.http11.Http11NioProtocol] [log] -> (INFO) [Pausing ProtocolHandler ["http-nio-9002"]] 
[2023-08-11 12:30:39,940] - [org.apache.catalina.core.StandardService] [log] -> (INFO) [Stopping service [Tomcat]] 
[2023-08-11 12:30:39,957] - [org.apache.coyote.http11.Http11NioProtocol] [log] -> (INFO) [Stopping ProtocolHandler ["http-nio-9002"]] 
[2023-08-11 12:30:39,964] - [org.apache.coyote.http11.Http11NioProtocol] [log] -> (INFO) [Destroying ProtocolHandler ["http-nio-9002"]] 
