[2023-07-20 11:58:01,924] - [com.hcl.elch.freshersuperchargers.trainingworkflow.controller.TaskAssignmentListener] [notify] -> (INFO) [Task Assignment Email successfully sent to group '' with address '[Sandipan.dandapat@hcl.com, tausif.ahmad@hcl.com]'.] 
[2023-07-20 11:58:01,977] - [org.camunda.bpm.engine.rest.exception] [logWarn] -> (WARN) [ENGINE-REST-HTTP500 org.camunda.bpm.engine.OptimisticLockingException: ENGINE-03005 Execution of 'UPDATE TaskEntity[87d3aabd-26c6-11ee-be2f-fa89d2161e61]' failed. Entity was updated by another transaction concurrently.
	at org.camunda.bpm.engine.impl.db.EnginePersistenceLogger.concurrentUpdateDbEntityException(EnginePersistenceLogger.java:141)
	at org.camunda.bpm.engine.impl.db.entitymanager.DbEntityManager.handleConcurrentModification(DbEntityManager.java:413)
	at org.camunda.bpm.engine.impl.db.entitymanager.DbEntityManager.flushDbOperations(DbEntityManager.java:356)
	at org.camunda.bpm.engine.impl.db.entitymanager.DbEntityManager.flushDbOperationManager(DbEntityManager.java:323)
	at org.camunda.bpm.engine.impl.db.entitymanager.DbEntityManager.flush(DbEntityManager.java:295)
	at org.camunda.bpm.engine.impl.interceptor.CommandContext.flushSessions(CommandContext.java:272)
	at org.camunda.bpm.engine.impl.interceptor.CommandContext.close(CommandContext.java:188)
	at org.camunda.bpm.engine.impl.interceptor.CommandContextInterceptor.execute(CommandContextInterceptor.java:119)
	at org.camunda.bpm.engine.spring.SpringTransactionInterceptor.lambda$execute$0(SpringTransactionInterceptor.java:71)
	at org.springframework.transaction.support.TransactionTemplate.execute(TransactionTemplate.java:140)
	at org.camunda.bpm.engine.spring.SpringTransactionInterceptor.execute(SpringTransactionInterceptor.java:71)
	at org.camunda.bpm.engine.impl.interceptor.ProcessApplicationContextInterceptor.execute(ProcessApplicationContextInterceptor.java:70)
	at org.camunda.bpm.engine.impl.interceptor.CommandCounterInterceptor.execute(CommandCounterInterceptor.java:35)
	at org.camunda.bpm.engine.impl.interceptor.LogInterceptor.execute(LogInterceptor.java:33)
	at org.camunda.bpm.engine.impl.interceptor.ExceptionCodeInterceptor.execute(ExceptionCodeInterceptor.java:55)
	at org.camunda.bpm.engine.impl.TaskServiceImpl.setAssignee(TaskServiceImpl.java:127)
	at org.camunda.bpm.engine.rest.sub.task.impl.TaskResourceImpl.setAssignee(TaskResourceImpl.java:291)
	at java.base/jdk.internal.reflect.NativeMethodAccessorImpl.invoke0(Native Method)
	at java.base/jdk.internal.reflect.NativeMethodAccessorImpl.invoke(NativeMethodAccessorImpl.java:77)
	at java.base/jdk.internal.reflect.DelegatingMethodAccessorImpl.invoke(DelegatingMethodAccessorImpl.java:43)
	at java.base/java.lang.reflect.Method.invoke(Method.java:568)
	at org.glassfish.jersey.server.model.internal.ResourceMethodInvocationHandlerFactory.lambda$static$0(ResourceMethodInvocationHandlerFactory.java:52)
	at org.glassfish.jersey.server.model.internal.AbstractJavaResourceMethodDispatcher$1.run(AbstractJavaResourceMethodDispatcher.java:124)
	at org.glassfish.jersey.server.model.internal.AbstractJavaResourceMethodDispatcher.invoke(AbstractJavaResourceMethodDispatcher.java:167)
	at org.glassfish.jersey.server.model.internal.JavaResourceMethodDispatcherProvider$VoidOutInvoker.doDispatch(JavaResourceMethodDispatcherProvider.java:159)
	at org.glassfish.jersey.server.model.internal.AbstractJavaResourceMethodDispatcher.dispatch(AbstractJavaResourceMethodDispatcher.java:79)
	at org.glassfish.jersey.server.model.ResourceMethodInvoker.invoke(ResourceMethodInvoker.java:475)
	at org.glassfish.jersey.server.model.ResourceMethodInvoker.apply(ResourceMethodInvoker.java:397)
	at org.glassfish.jersey.server.model.ResourceMethodInvoker.apply(ResourceMethodInvoker.java:81)
	at org.glassfish.jersey.server.ServerRuntime$1.run(ServerRuntime.java:255)
	at org.glassfish.jersey.internal.Errors$1.call(Errors.java:248)
	at org.glassfish.jersey.internal.Errors$1.call(Errors.java:244)
	at org.glassfish.jersey.internal.Errors.process(Errors.java:292)
	at org.glassfish.jersey.internal.Errors.process(Errors.java:274)
	at org.glassfish.jersey.internal.Errors.process(Errors.java:244)
	at org.glassfish.jersey.process.internal.RequestScope.runInScope(RequestScope.java:265)
	at org.glassfish.jersey.server.ServerRuntime.process(ServerRuntime.java:234)
	at org.glassfish.jersey.server.ApplicationHandler.handle(ApplicationHandler.java:684)
	at org.glassfish.jersey.servlet.WebComponent.serviceImpl(WebComponent.java:394)
	at org.glassfish.jersey.servlet.WebComponent.service(WebComponent.java:346)
	at org.glassfish.jersey.servlet.ServletContainer.service(ServletContainer.java:366)
	at org.glassfish.jersey.servlet.ServletContainer.service(ServletContainer.java:319)
	at org.glassfish.jersey.servlet.ServletContainer.service(ServletContainer.java:205)
	at org.apache.catalina.core.ApplicationFilterChain.internalDoFilter(ApplicationFilterChain.java:227)
	at org.apache.catalina.core.ApplicationFilterChain.doFilter(ApplicationFilterChain.java:162)
	at org.apache.tomcat.websocket.server.WsFilter.doFilter(WsFilter.java:53)
	at org.apache.catalina.core.ApplicationFilterChain.internalDoFilter(ApplicationFilterChain.java:189)
	at org.apache.catalina.core.ApplicationFilterChain.doFilter(ApplicationFilterChain.java:162)
	at org.camunda.bpm.webapp.impl.engine.ProcessEnginesFilter.applyFilter(ProcessEnginesFilter.java:147)
	at org.camunda.bpm.spring.boot.starter.webapp.filter.ResourceLoadingProcessEnginesFilter.applyFilter(ResourceLoadingProcessEnginesFilter.java:58)
	at org.camunda.bpm.webapp.impl.filter.AbstractTemplateFilter.doFilter(AbstractTemplateFilter.java:58)
	at org.camunda.bpm.spring.boot.starter.webapp.filter.LazyDelegateFilter.doFilter(LazyDelegateFilter.java:60)
	at org.apache.catalina.core.ApplicationFilterChain.internalDoFilter(ApplicationFilterChain.java:189)
	at org.apache.catalina.core.ApplicationFilterChain.doFilter(ApplicationFilterChain.java:162)
	at org.camunda.bpm.webapp.impl.security.filter.headersec.HttpHeaderSecurityFilter.doFilter(HttpHeaderSecurityFilter.java:89)
	at org.apache.catalina.core.ApplicationFilterChain.internalDoFilter(ApplicationFilterChain.java:189)
	at org.apache.catalina.core.ApplicationFilterChain.doFilter(ApplicationFilterChain.java:162)
	at org.camunda.bpm.webapp.impl.security.filter.SessionCookieFilter.doFilter(SessionCookieFilter.java:52)
	at org.apache.catalina.core.ApplicationFilterChain.internalDoFilter(ApplicationFilterChain.java:189)
	at org.apache.catalina.core.ApplicationFilterChain.doFilter(ApplicationFilterChain.java:162)
	at org.camunda.bpm.webapp.impl.security.filter.CsrfPreventionFilter.doFilter(CsrfPreventionFilter.java:171)
	at org.apache.catalina.core.ApplicationFilterChain.internalDoFilter(ApplicationFilterChain.java:189)
	at org.apache.catalina.core.ApplicationFilterChain.doFilter(ApplicationFilterChain.java:162)
	at org.camunda.bpm.webapp.impl.security.filter.SecurityFilter.doFilterSecure(SecurityFilter.java:73)
	at org.camunda.bpm.webapp.impl.security.filter.SecurityFilter.doFilter(SecurityFilter.java:57)
	at org.camunda.bpm.spring.boot.starter.webapp.filter.LazyDelegateFilter.doFilter(LazyDelegateFilter.java:60)
	at org.apache.catalina.core.ApplicationFilterChain.internalDoFilter(ApplicationFilterChain.java:189)
	at org.apache.catalina.core.ApplicationFilterChain.doFilter(ApplicationFilterChain.java:162)
	at org.camunda.bpm.webapp.impl.security.auth.AuthenticationFilter$1.execute(AuthenticationFilter.java:62)
	at org.camunda.bpm.webapp.impl.security.auth.AuthenticationFilter$1.execute(AuthenticationFilter.java:60)
	at org.camunda.bpm.webapp.impl.security.SecurityActions.runWithAuthentications(SecurityActions.java:44)
	at org.camunda.bpm.webapp.impl.security.auth.AuthenticationFilter.doFilter(AuthenticationFilter.java:60)
	at org.apache.catalina.core.ApplicationFilterChain.internalDoFilter(ApplicationFilterChain.java:189)
	at org.apache.catalina.core.ApplicationFilterChain.doFilter(ApplicationFilterChain.java:162)
	at org.springframework.web.filter.RequestContextFilter.doFilterInternal(RequestContextFilter.java:100)
	at org.springframework.web.filter.OncePerRequestFilter.doFilter(OncePerRequestFilter.java:117)
	at org.apache.catalina.core.ApplicationFilterChain.internalDoFilter(ApplicationFilterChain.java:189)
	at org.apache.catalina.core.ApplicationFilterChain.doFilter(ApplicationFilterChain.java:162)
	at org.springframework.web.filter.FormContentFilter.doFilterInternal(FormContentFilter.java:93)
	at org.springframework.web.filter.OncePerRequestFilter.doFilter(OncePerRequestFilter.java:117)
	at org.apache.catalina.core.ApplicationFilterChain.internalDoFilter(ApplicationFilterChain.java:189)
	at org.apache.catalina.core.ApplicationFilterChain.doFilter(ApplicationFilterChain.java:162)
	at org.springframework.web.filter.CharacterEncodingFilter.doFilterInternal(CharacterEncodingFilter.java:201)
	at org.springframework.web.filter.OncePerRequestFilter.doFilter(OncePerRequestFilter.java:117)
	at org.apache.catalina.core.ApplicationFilterChain.internalDoFilter(ApplicationFilterChain.java:189)
	at org.apache.catalina.core.ApplicationFilterChain.doFilter(ApplicationFilterChain.java:162)
	at org.apache.catalina.core.StandardWrapperValve.invoke(StandardWrapperValve.java:197)
	at org.apache.catalina.core.StandardContextValve.invoke(StandardContextValve.java:97)
	at org.apache.catalina.authenticator.AuthenticatorBase.invoke(AuthenticatorBase.java:541)
	at org.apache.catalina.core.StandardHostValve.invoke(StandardHostValve.java:135)
	at org.apache.catalina.valves.ErrorReportValve.invoke(ErrorReportValve.java:92)
	at org.apache.catalina.core.StandardEngineValve.invoke(StandardEngineValve.java:78)
	at org.apache.catalina.connector.CoyoteAdapter.service(CoyoteAdapter.java:360)
	at org.apache.coyote.http11.Http11Processor.service(Http11Processor.java:399)
	at org.apache.coyote.AbstractProcessorLight.process(AbstractProcessorLight.java:65)
	at org.apache.coyote.AbstractProtocol$ConnectionHandler.process(AbstractProtocol.java:890)
	at org.apache.tomcat.util.net.NioEndpoint$SocketProcessor.doRun(NioEndpoint.java:1789)
	at org.apache.tomcat.util.net.SocketProcessorBase.run(SocketProcessorBase.java:49)
	at org.apache.tomcat.util.threads.ThreadPoolExecutor.runWorker(ThreadPoolExecutor.java:1191)
	at org.apache.tomcat.util.threads.ThreadPoolExecutor$Worker.run(ThreadPoolExecutor.java:659)
	at org.apache.tomcat.util.threads.TaskThread$WrappingRunnable.run(TaskThread.java:61)
	at java.base/java.lang.Thread.run(Thread.java:833)
] 
[2023-07-20 11:58:02,139] - [com.hcl.elch.freshersuperchargers.trainingworkflow.controller.TaskAssignmentListener] [notify] -> (INFO) [Task Assignment Email successfully sent to group '' with address '[Sandipan.dandapat@hcl.com, tausif.ahmad@hcl.com]'.] 
[2023-07-20 11:58:02,155] - [org.camunda.bpm.engine.rest.exception] [logWarn] -> (WARN) [ENGINE-REST-HTTP500 org.camunda.bpm.engine.OptimisticLockingException: ENGINE-03005 Execution of 'UPDATE TaskEntity[87d3aabd-26c6-11ee-be2f-fa89d2161e61]' failed. Entity was updated by another transaction concurrently.
	at org.camunda.bpm.engine.impl.db.EnginePersistenceLogger.concurrentUpdateDbEntityException(EnginePersistenceLogger.java:141)
	at org.camunda.bpm.engine.impl.db.entitymanager.DbEntityManager.handleConcurrentModification(DbEntityManager.java:413)
	at org.camunda.bpm.engine.impl.db.entitymanager.DbEntityManager.flushDbOperations(DbEntityManager.java:356)
	at org.camunda.bpm.engine.impl.db.entitymanager.DbEntityManager.flushDbOperationManager(DbEntityManager.java:323)
	at org.camunda.bpm.engine.impl.db.entitymanager.DbEntityManager.flush(DbEntityManager.java:295)
	at org.camunda.bpm.engine.impl.interceptor.CommandContext.flushSessions(CommandContext.java:272)
	at org.camunda.bpm.engine.impl.interceptor.CommandContext.close(CommandContext.java:188)
	at org.camunda.bpm.engine.impl.interceptor.CommandContextInterceptor.execute(CommandContextInterceptor.java:119)
	at org.camunda.bpm.engine.spring.SpringTransactionInterceptor.lambda$execute$0(SpringTransactionInterceptor.java:71)
	at org.springframework.transaction.support.TransactionTemplate.execute(TransactionTemplate.java:140)
	at org.camunda.bpm.engine.spring.SpringTransactionInterceptor.execute(SpringTransactionInterceptor.java:71)
	at org.camunda.bpm.engine.impl.interceptor.ProcessApplicationContextInterceptor.execute(ProcessApplicationContextInterceptor.java:70)
	at org.camunda.bpm.engine.impl.interceptor.CommandCounterInterceptor.execute(CommandCounterInterceptor.java:35)
	at org.camunda.bpm.engine.impl.interceptor.LogInterceptor.execute(LogInterceptor.java:33)
	at org.camunda.bpm.engine.impl.interceptor.ExceptionCodeInterceptor.execute(ExceptionCodeInterceptor.java:55)
	at org.camunda.bpm.engine.impl.TaskServiceImpl.setAssignee(TaskServiceImpl.java:127)
	at org.camunda.bpm.engine.rest.sub.task.impl.TaskResourceImpl.setAssignee(TaskResourceImpl.java:291)
	at java.base/jdk.internal.reflect.NativeMethodAccessorImpl.invoke0(Native Method)
	at java.base/jdk.internal.reflect.NativeMethodAccessorImpl.invoke(NativeMethodAccessorImpl.java:77)
	at java.base/jdk.internal.reflect.DelegatingMethodAccessorImpl.invoke(DelegatingMethodAccessorImpl.java:43)
	at java.base/java.lang.reflect.Method.invoke(Method.java:568)
	at org.glassfish.jersey.server.model.internal.ResourceMethodInvocationHandlerFactory.lambda$static$0(ResourceMethodInvocationHandlerFactory.java:52)
	at org.glassfish.jersey.server.model.internal.AbstractJavaResourceMethodDispatcher$1.run(AbstractJavaResourceMethodDispatcher.java:124)
	at org.glassfish.jersey.server.model.internal.AbstractJavaResourceMethodDispatcher.invoke(AbstractJavaResourceMethodDispatcher.java:167)
	at org.glassfish.jersey.server.model.internal.JavaResourceMethodDispatcherProvider$VoidOutInvoker.doDispatch(JavaResourceMethodDispatcherProvider.java:159)
	at org.glassfish.jersey.server.model.internal.AbstractJavaResourceMethodDispatcher.dispatch(AbstractJavaResourceMethodDispatcher.java:79)
	at org.glassfish.jersey.server.model.ResourceMethodInvoker.invoke(ResourceMethodInvoker.java:475)
	at org.glassfish.jersey.server.model.ResourceMethodInvoker.apply(ResourceMethodInvoker.java:397)
	at org.glassfish.jersey.server.model.ResourceMethodInvoker.apply(ResourceMethodInvoker.java:81)
	at org.glassfish.jersey.server.ServerRuntime$1.run(ServerRuntime.java:255)
	at org.glassfish.jersey.internal.Errors$1.call(Errors.java:248)
	at org.glassfish.jersey.internal.Errors$1.call(Errors.java:244)
	at org.glassfish.jersey.internal.Errors.process(Errors.java:292)
	at org.glassfish.jersey.internal.Errors.process(Errors.java:274)
	at org.glassfish.jersey.internal.Errors.process(Errors.java:244)
	at org.glassfish.jersey.process.internal.RequestScope.runInScope(RequestScope.java:265)
	at org.glassfish.jersey.server.ServerRuntime.process(ServerRuntime.java:234)
	at org.glassfish.jersey.server.ApplicationHandler.handle(ApplicationHandler.java:684)
	at org.glassfish.jersey.servlet.WebComponent.serviceImpl(WebComponent.java:394)
	at org.glassfish.jersey.servlet.WebComponent.service(WebComponent.java:346)
	at org.glassfish.jersey.servlet.ServletContainer.service(ServletContainer.java:366)
	at org.glassfish.jersey.servlet.ServletContainer.service(ServletContainer.java:319)
	at org.glassfish.jersey.servlet.ServletContainer.service(ServletContainer.java:205)
	at org.apache.catalina.core.ApplicationFilterChain.internalDoFilter(ApplicationFilterChain.java:227)
	at org.apache.catalina.core.ApplicationFilterChain.doFilter(ApplicationFilterChain.java:162)
	at org.apache.tomcat.websocket.server.WsFilter.doFilter(WsFilter.java:53)
	at org.apache.catalina.core.ApplicationFilterChain.internalDoFilter(ApplicationFilterChain.java:189)
	at org.apache.catalina.core.ApplicationFilterChain.doFilter(ApplicationFilterChain.java:162)
	at org.camunda.bpm.webapp.impl.engine.ProcessEnginesFilter.applyFilter(ProcessEnginesFilter.java:147)
	at org.camunda.bpm.spring.boot.starter.webapp.filter.ResourceLoadingProcessEnginesFilter.applyFilter(ResourceLoadingProcessEnginesFilter.java:58)
	at org.camunda.bpm.webapp.impl.filter.AbstractTemplateFilter.doFilter(AbstractTemplateFilter.java:58)
	at org.camunda.bpm.spring.boot.starter.webapp.filter.LazyDelegateFilter.doFilter(LazyDelegateFilter.java:60)
	at org.apache.catalina.core.ApplicationFilterChain.internalDoFilter(ApplicationFilterChain.java:189)
	at org.apache.catalina.core.ApplicationFilterChain.doFilter(ApplicationFilterChain.java:162)
	at org.camunda.bpm.webapp.impl.security.filter.headersec.HttpHeaderSecurityFilter.doFilter(HttpHeaderSecurityFilter.java:89)
	at org.apache.catalina.core.ApplicationFilterChain.internalDoFilter(ApplicationFilterChain.java:189)
	at org.apache.catalina.core.ApplicationFilterChain.doFilter(ApplicationFilterChain.java:162)
	at org.camunda.bpm.webapp.impl.security.filter.SessionCookieFilter.doFilter(SessionCookieFilter.java:52)
	at org.apache.catalina.core.ApplicationFilterChain.internalDoFilter(ApplicationFilterChain.java:189)
	at org.apache.catalina.core.ApplicationFilterChain.doFilter(ApplicationFilterChain.java:162)
	at org.camunda.bpm.webapp.impl.security.filter.CsrfPreventionFilter.doFilter(CsrfPreventionFilter.java:171)
	at org.apache.catalina.core.ApplicationFilterChain.internalDoFilter(ApplicationFilterChain.java:189)
	at org.apache.catalina.core.ApplicationFilterChain.doFilter(ApplicationFilterChain.java:162)
	at org.camunda.bpm.webapp.impl.security.filter.SecurityFilter.doFilterSecure(SecurityFilter.java:73)
	at org.camunda.bpm.webapp.impl.security.filter.SecurityFilter.doFilter(SecurityFilter.java:57)
	at org.camunda.bpm.spring.boot.starter.webapp.filter.LazyDelegateFilter.doFilter(LazyDelegateFilter.java:60)
	at org.apache.catalina.core.ApplicationFilterChain.internalDoFilter(ApplicationFilterChain.java:189)
	at org.apache.catalina.core.ApplicationFilterChain.doFilter(ApplicationFilterChain.java:162)
	at org.camunda.bpm.webapp.impl.security.auth.AuthenticationFilter$1.execute(AuthenticationFilter.java:62)
	at org.camunda.bpm.webapp.impl.security.auth.AuthenticationFilter$1.execute(AuthenticationFilter.java:60)
	at org.camunda.bpm.webapp.impl.security.SecurityActions.runWithAuthentications(SecurityActions.java:44)
	at org.camunda.bpm.webapp.impl.security.auth.AuthenticationFilter.doFilter(AuthenticationFilter.java:60)
	at org.apache.catalina.core.ApplicationFilterChain.internalDoFilter(ApplicationFilterChain.java:189)
	at org.apache.catalina.core.ApplicationFilterChain.doFilter(ApplicationFilterChain.java:162)
	at org.springframework.web.filter.RequestContextFilter.doFilterInternal(RequestContextFilter.java:100)
	at org.springframework.web.filter.OncePerRequestFilter.doFilter(OncePerRequestFilter.java:117)
	at org.apache.catalina.core.ApplicationFilterChain.internalDoFilter(ApplicationFilterChain.java:189)
	at org.apache.catalina.core.ApplicationFilterChain.doFilter(ApplicationFilterChain.java:162)
	at org.springframework.web.filter.FormContentFilter.doFilterInternal(FormContentFilter.java:93)
	at org.springframework.web.filter.OncePerRequestFilter.doFilter(OncePerRequestFilter.java:117)
	at org.apache.catalina.core.ApplicationFilterChain.internalDoFilter(ApplicationFilterChain.java:189)
	at org.apache.catalina.core.ApplicationFilterChain.doFilter(ApplicationFilterChain.java:162)
	at org.springframework.web.filter.CharacterEncodingFilter.doFilterInternal(CharacterEncodingFilter.java:201)
	at org.springframework.web.filter.OncePerRequestFilter.doFilter(OncePerRequestFilter.java:117)
	at org.apache.catalina.core.ApplicationFilterChain.internalDoFilter(ApplicationFilterChain.java:189)
	at org.apache.catalina.core.ApplicationFilterChain.doFilter(ApplicationFilterChain.java:162)
	at org.apache.catalina.core.StandardWrapperValve.invoke(StandardWrapperValve.java:197)
	at org.apache.catalina.core.StandardContextValve.invoke(StandardContextValve.java:97)
	at org.apache.catalina.authenticator.AuthenticatorBase.invoke(AuthenticatorBase.java:541)
	at org.apache.catalina.core.StandardHostValve.invoke(StandardHostValve.java:135)
	at org.apache.catalina.valves.ErrorReportValve.invoke(ErrorReportValve.java:92)
	at org.apache.catalina.core.StandardEngineValve.invoke(StandardEngineValve.java:78)
	at org.apache.catalina.connector.CoyoteAdapter.service(CoyoteAdapter.java:360)
	at org.apache.coyote.http11.Http11Processor.service(Http11Processor.java:399)
	at org.apache.coyote.AbstractProcessorLight.process(AbstractProcessorLight.java:65)
	at org.apache.coyote.AbstractProtocol$ConnectionHandler.process(AbstractProtocol.java:890)
	at org.apache.tomcat.util.net.NioEndpoint$SocketProcessor.doRun(NioEndpoint.java:1789)
	at org.apache.tomcat.util.net.SocketProcessorBase.run(SocketProcessorBase.java:49)
	at org.apache.tomcat.util.threads.ThreadPoolExecutor.runWorker(ThreadPoolExecutor.java:1191)
	at org.apache.tomcat.util.threads.ThreadPoolExecutor$Worker.run(ThreadPoolExecutor.java:659)
	at org.apache.tomcat.util.threads.TaskThread$WrappingRunnable.run(TaskThread.java:61)
	at java.base/java.lang.Thread.run(Thread.java:833)
] 
[2023-07-20 11:58:06,906] - [com.hcl.elch.freshersuperchargers.trainingworkflow.controller.TaskAssignmentListener] [notify] -> (INFO) [Task Assignment Email successfully sent to group '' with address '[Sandipan.dandapat@hcl.com, tausif.ahmad@hcl.com]'.] 
[2023-07-20 11:58:14,616] - [com.hcl.elch.freshersuperchargers.trainingworkflow.service.EmailSenderService] [mailSendingForPoc] -> (INFO) [Inside the mailSendingForPoc() method now........] 
[2023-07-20 11:58:35,485] - [com.hcl.elch.freshersuperchargers.trainingworkflow.service.EmailSenderService] [mailSendingForPocApprover] -> (INFO) [Inside the mailSendingForPocApprover() method now........] 
[2023-07-20 11:58:41,416] - [com.hcl.elch.freshersuperchargers.trainingworkflow.controller.TaskAssignmentListener] [notify] -> (INFO) [Task Assignment Email successfully sent to group '' with address '[Sandipan.dandapat@hcl.com, tausif.ahmad@hcl.com]'.] 
[2023-07-20 11:59:38,626] - [com.hcl.elch.freshersuperchargers.trainingworkflow.service.EmailSenderService] [mailSendingForPocApprover] -> (INFO) [Inside the mailSendingForPocApprover() method now........] 
[2023-07-20 11:59:39,315] - [com.hcl.elch.freshersuperchargers.trainingworkflow.service.EmailSenderService] [mailSendingForPocApprover] -> (INFO) [Inside the mailSendingForPocApprover() method now........] 
[2023-07-20 11:59:39,867] - [com.hcl.elch.freshersuperchargers.trainingworkflow.service.EmailSenderService] [mailSendingForPocApprover] -> (INFO) [Inside the mailSendingForPocApprover() method now........] 
[2023-07-20 11:59:40,074] - [com.hcl.elch.freshersuperchargers.trainingworkflow.service.EmailSenderService] [mailSendingForPocApprover] -> (INFO) [Inside the mailSendingForPocApprover() method now........] 
[2023-07-20 11:59:40,301] - [com.hcl.elch.freshersuperchargers.trainingworkflow.service.EmailSenderService] [mailSendingForPocApprover] -> (INFO) [Inside the mailSendingForPocApprover() method now........] 
[2023-07-20 11:59:40,513] - [com.hcl.elch.freshersuperchargers.trainingworkflow.service.EmailSenderService] [mailSendingForPocApprover] -> (INFO) [Inside the mailSendingForPocApprover() method now........] 
[2023-07-20 12:00:22,575] - [com.hcl.elch.freshersuperchargers.trainingworkflow.controller.TaskAssignmentListener] [notify] -> (INFO) [Task Assignment Email successfully sent to group '' with address '[Sandipan.dandapat@hcl.com, tausif.ahmad@hcl.com]'.] 
[2023-07-20 12:00:22,891] - [com.hcl.elch.freshersuperchargers.trainingworkflow.controller.TaskAssignmentListener] [notify] -> (INFO) [Task Assignment Email successfully sent to group '' with address '[Sandipan.dandapat@hcl.com, tausif.ahmad@hcl.com]'.] 
[2023-07-20 12:00:22,891] - [com.hcl.elch.freshersuperchargers.trainingworkflow.controller.TaskAssignmentListener] [notify] -> (INFO) [Task Assignment Email successfully sent to group '' with address '[Sandipan.dandapat@hcl.com, tausif.ahmad@hcl.com]'.] 
[2023-07-20 12:00:22,893] - [com.hcl.elch.freshersuperchargers.trainingworkflow.controller.TaskAssignmentListener] [notify] -> (INFO) [Task Assignment Email successfully sent to group '' with address '[Sandipan.dandapat@hcl.com, tausif.ahmad@hcl.com]'.] 
[2023-07-20 12:00:22,904] - [org.camunda.bpm.engine.rest.exception] [logWarn] -> (WARN) [ENGINE-REST-HTTP500 org.camunda.bpm.engine.OptimisticLockingException: ENGINE-03005 Execution of 'UPDATE TaskEntity[a7be98d1-26c6-11ee-be2f-fa89d2161e61]' failed. Entity was updated by another transaction concurrently.
	at org.camunda.bpm.engine.impl.db.EnginePersistenceLogger.concurrentUpdateDbEntityException(EnginePersistenceLogger.java:141)
	at org.camunda.bpm.engine.impl.db.entitymanager.DbEntityManager.handleConcurrentModification(DbEntityManager.java:413)
	at org.camunda.bpm.engine.impl.db.entitymanager.DbEntityManager.flushDbOperations(DbEntityManager.java:356)
	at org.camunda.bpm.engine.impl.db.entitymanager.DbEntityManager.flushDbOperationManager(DbEntityManager.java:323)
	at org.camunda.bpm.engine.impl.db.entitymanager.DbEntityManager.flush(DbEntityManager.java:295)
	at org.camunda.bpm.engine.impl.interceptor.CommandContext.flushSessions(CommandContext.java:272)
	at org.camunda.bpm.engine.impl.interceptor.CommandContext.close(CommandContext.java:188)
	at org.camunda.bpm.engine.impl.interceptor.CommandContextInterceptor.execute(CommandContextInterceptor.java:119)
	at org.camunda.bpm.engine.spring.SpringTransactionInterceptor.lambda$execute$0(SpringTransactionInterceptor.java:71)
	at org.springframework.transaction.support.TransactionTemplate.execute(TransactionTemplate.java:140)
	at org.camunda.bpm.engine.spring.SpringTransactionInterceptor.execute(SpringTransactionInterceptor.java:71)
	at org.camunda.bpm.engine.impl.interceptor.ProcessApplicationContextInterceptor.execute(ProcessApplicationContextInterceptor.java:70)
	at org.camunda.bpm.engine.impl.interceptor.CommandCounterInterceptor.execute(CommandCounterInterceptor.java:35)
	at org.camunda.bpm.engine.impl.interceptor.LogInterceptor.execute(LogInterceptor.java:33)
	at org.camunda.bpm.engine.impl.interceptor.ExceptionCodeInterceptor.execute(ExceptionCodeInterceptor.java:55)
	at org.camunda.bpm.engine.impl.TaskServiceImpl.setAssignee(TaskServiceImpl.java:127)
	at org.camunda.bpm.engine.rest.sub.task.impl.TaskResourceImpl.setAssignee(TaskResourceImpl.java:291)
	at jdk.internal.reflect.GeneratedMethodAccessor467.invoke(Unknown Source)
	at java.base/jdk.internal.reflect.DelegatingMethodAccessorImpl.invoke(DelegatingMethodAccessorImpl.java:43)
	at java.base/java.lang.reflect.Method.invoke(Method.java:568)
	at org.glassfish.jersey.server.model.internal.ResourceMethodInvocationHandlerFactory.lambda$static$0(ResourceMethodInvocationHandlerFactory.java:52)
	at org.glassfish.jersey.server.model.internal.AbstractJavaResourceMethodDispatcher$1.run(AbstractJavaResourceMethodDispatcher.java:124)
	at org.glassfish.jersey.server.model.internal.AbstractJavaResourceMethodDispatcher.invoke(AbstractJavaResourceMethodDispatcher.java:167)
	at org.glassfish.jersey.server.model.internal.JavaResourceMethodDispatcherProvider$VoidOutInvoker.doDispatch(JavaResourceMethodDispatcherProvider.java:159)
	at org.glassfish.jersey.server.model.internal.AbstractJavaResourceMethodDispatcher.dispatch(AbstractJavaResourceMethodDispatcher.java:79)
	at org.glassfish.jersey.server.model.ResourceMethodInvoker.invoke(ResourceMethodInvoker.java:475)
	at org.glassfish.jersey.server.model.ResourceMethodInvoker.apply(ResourceMethodInvoker.java:397)
	at org.glassfish.jersey.server.model.ResourceMethodInvoker.apply(ResourceMethodInvoker.java:81)
	at org.glassfish.jersey.server.ServerRuntime$1.run(ServerRuntime.java:255)
	at org.glassfish.jersey.internal.Errors$1.call(Errors.java:248)
	at org.glassfish.jersey.internal.Errors$1.call(Errors.java:244)
	at org.glassfish.jersey.internal.Errors.process(Errors.java:292)
	at org.glassfish.jersey.internal.Errors.process(Errors.java:274)
	at org.glassfish.jersey.internal.Errors.process(Errors.java:244)
	at org.glassfish.jersey.process.internal.RequestScope.runInScope(RequestScope.java:265)
	at org.glassfish.jersey.server.ServerRuntime.process(ServerRuntime.java:234)
	at org.glassfish.jersey.server.ApplicationHandler.handle(ApplicationHandler.java:684)
	at org.glassfish.jersey.servlet.WebComponent.serviceImpl(WebComponent.java:394)
	at org.glassfish.jersey.servlet.WebComponent.service(WebComponent.java:346)
	at org.glassfish.jersey.servlet.ServletContainer.service(ServletContainer.java:366)
	at org.glassfish.jersey.servlet.ServletContainer.service(ServletContainer.java:319)
	at org.glassfish.jersey.servlet.ServletContainer.service(ServletContainer.java:205)
	at org.apache.catalina.core.ApplicationFilterChain.internalDoFilter(ApplicationFilterChain.java:227)
	at org.apache.catalina.core.ApplicationFilterChain.doFilter(ApplicationFilterChain.java:162)
	at org.apache.tomcat.websocket.server.WsFilter.doFilter(WsFilter.java:53)
	at org.apache.catalina.core.ApplicationFilterChain.internalDoFilter(ApplicationFilterChain.java:189)
	at org.apache.catalina.core.ApplicationFilterChain.doFilter(ApplicationFilterChain.java:162)
	at org.camunda.bpm.webapp.impl.engine.ProcessEnginesFilter.applyFilter(ProcessEnginesFilter.java:147)
	at org.camunda.bpm.spring.boot.starter.webapp.filter.ResourceLoadingProcessEnginesFilter.applyFilter(ResourceLoadingProcessEnginesFilter.java:58)
	at org.camunda.bpm.webapp.impl.filter.AbstractTemplateFilter.doFilter(AbstractTemplateFilter.java:58)
	at org.camunda.bpm.spring.boot.starter.webapp.filter.LazyDelegateFilter.doFilter(LazyDelegateFilter.java:60)
	at org.apache.catalina.core.ApplicationFilterChain.internalDoFilter(ApplicationFilterChain.java:189)
	at org.apache.catalina.core.ApplicationFilterChain.doFilter(ApplicationFilterChain.java:162)
	at org.camunda.bpm.webapp.impl.security.filter.headersec.HttpHeaderSecurityFilter.doFilter(HttpHeaderSecurityFilter.java:89)
	at org.apache.catalina.core.ApplicationFilterChain.internalDoFilter(ApplicationFilterChain.java:189)
	at org.apache.catalina.core.ApplicationFilterChain.doFilter(ApplicationFilterChain.java:162)
	at org.camunda.bpm.webapp.impl.security.filter.SessionCookieFilter.doFilter(SessionCookieFilter.java:52)
	at org.apache.catalina.core.ApplicationFilterChain.internalDoFilter(ApplicationFilterChain.java:189)
	at org.apache.catalina.core.ApplicationFilterChain.doFilter(ApplicationFilterChain.java:162)
	at org.camunda.bpm.webapp.impl.security.filter.CsrfPreventionFilter.doFilter(CsrfPreventionFilter.java:171)
	at org.apache.catalina.core.ApplicationFilterChain.internalDoFilter(ApplicationFilterChain.java:189)
	at org.apache.catalina.core.ApplicationFilterChain.doFilter(ApplicationFilterChain.java:162)
	at org.camunda.bpm.webapp.impl.security.filter.SecurityFilter.doFilterSecure(SecurityFilter.java:73)
	at org.camunda.bpm.webapp.impl.security.filter.SecurityFilter.doFilter(SecurityFilter.java:57)
	at org.camunda.bpm.spring.boot.starter.webapp.filter.LazyDelegateFilter.doFilter(LazyDelegateFilter.java:60)
	at org.apache.catalina.core.ApplicationFilterChain.internalDoFilter(ApplicationFilterChain.java:189)
	at org.apache.catalina.core.ApplicationFilterChain.doFilter(ApplicationFilterChain.java:162)
	at org.camunda.bpm.webapp.impl.security.auth.AuthenticationFilter$1.execute(AuthenticationFilter.java:62)
	at org.camunda.bpm.webapp.impl.security.auth.AuthenticationFilter$1.execute(AuthenticationFilter.java:60)
	at org.camunda.bpm.webapp.impl.security.SecurityActions.runWithAuthentications(SecurityActions.java:44)
	at org.camunda.bpm.webapp.impl.security.auth.AuthenticationFilter.doFilter(AuthenticationFilter.java:60)
	at org.apache.catalina.core.ApplicationFilterChain.internalDoFilter(ApplicationFilterChain.java:189)
	at org.apache.catalina.core.ApplicationFilterChain.doFilter(ApplicationFilterChain.java:162)
	at org.springframework.web.filter.RequestContextFilter.doFilterInternal(RequestContextFilter.java:100)
	at org.springframework.web.filter.OncePerRequestFilter.doFilter(OncePerRequestFilter.java:117)
	at org.apache.catalina.core.ApplicationFilterChain.internalDoFilter(ApplicationFilterChain.java:189)
	at org.apache.catalina.core.ApplicationFilterChain.doFilter(ApplicationFilterChain.java:162)
	at org.springframework.web.filter.FormContentFilter.doFilterInternal(FormContentFilter.java:93)
	at org.springframework.web.filter.OncePerRequestFilter.doFilter(OncePerRequestFilter.java:117)
	at org.apache.catalina.core.ApplicationFilterChain.internalDoFilter(ApplicationFilterChain.java:189)
	at org.apache.catalina.core.ApplicationFilterChain.doFilter(ApplicationFilterChain.java:162)
	at org.springframework.web.filter.CharacterEncodingFilter.doFilterInternal(CharacterEncodingFilter.java:201)
	at org.springframework.web.filter.OncePerRequestFilter.doFilter(OncePerRequestFilter.java:117)
	at org.apache.catalina.core.ApplicationFilterChain.internalDoFilter(ApplicationFilterChain.java:189)
	at org.apache.catalina.core.ApplicationFilterChain.doFilter(ApplicationFilterChain.java:162)
	at org.apache.catalina.core.StandardWrapperValve.invoke(StandardWrapperValve.java:197)
	at org.apache.catalina.core.StandardContextValve.invoke(StandardContextValve.java:97)
	at org.apache.catalina.authenticator.AuthenticatorBase.invoke(AuthenticatorBase.java:541)
	at org.apache.catalina.core.StandardHostValve.invoke(StandardHostValve.java:135)
	at org.apache.catalina.valves.ErrorReportValve.invoke(ErrorReportValve.java:92)
	at org.apache.catalina.core.StandardEngineValve.invoke(StandardEngineValve.java:78)
	at org.apache.catalina.connector.CoyoteAdapter.service(CoyoteAdapter.java:360)
	at org.apache.coyote.http11.Http11Processor.service(Http11Processor.java:399)
	at org.apache.coyote.AbstractProcessorLight.process(AbstractProcessorLight.java:65)
	at org.apache.coyote.AbstractProtocol$ConnectionHandler.process(AbstractProtocol.java:890)
	at org.apache.tomcat.util.net.NioEndpoint$SocketProcessor.doRun(NioEndpoint.java:1789)
	at org.apache.tomcat.util.net.SocketProcessorBase.run(SocketProcessorBase.java:49)
	at org.apache.tomcat.util.threads.ThreadPoolExecutor.runWorker(ThreadPoolExecutor.java:1191)
	at org.apache.tomcat.util.threads.ThreadPoolExecutor$Worker.run(ThreadPoolExecutor.java:659)
	at org.apache.tomcat.util.threads.TaskThread$WrappingRunnable.run(TaskThread.java:61)
	at java.base/java.lang.Thread.run(Thread.java:833)
] 
[2023-07-20 12:00:22,909] - [org.camunda.bpm.engine.rest.exception] [logWarn] -> (WARN) [ENGINE-REST-HTTP500 org.camunda.bpm.engine.OptimisticLockingException: ENGINE-03005 Execution of 'UPDATE TaskEntity[a7be98d1-26c6-11ee-be2f-fa89d2161e61]' failed. Entity was updated by another transaction concurrently.
	at org.camunda.bpm.engine.impl.db.EnginePersistenceLogger.concurrentUpdateDbEntityException(EnginePersistenceLogger.java:141)
	at org.camunda.bpm.engine.impl.db.entitymanager.DbEntityManager.handleConcurrentModification(DbEntityManager.java:413)
	at org.camunda.bpm.engine.impl.db.entitymanager.DbEntityManager.flushDbOperations(DbEntityManager.java:356)
	at org.camunda.bpm.engine.impl.db.entitymanager.DbEntityManager.flushDbOperationManager(DbEntityManager.java:323)
	at org.camunda.bpm.engine.impl.db.entitymanager.DbEntityManager.flush(DbEntityManager.java:295)
	at org.camunda.bpm.engine.impl.interceptor.CommandContext.flushSessions(CommandContext.java:272)
	at org.camunda.bpm.engine.impl.interceptor.CommandContext.close(CommandContext.java:188)
	at org.camunda.bpm.engine.impl.interceptor.CommandContextInterceptor.execute(CommandContextInterceptor.java:119)
	at org.camunda.bpm.engine.spring.SpringTransactionInterceptor.lambda$execute$0(SpringTransactionInterceptor.java:71)
	at org.springframework.transaction.support.TransactionTemplate.execute(TransactionTemplate.java:140)
	at org.camunda.bpm.engine.spring.SpringTransactionInterceptor.execute(SpringTransactionInterceptor.java:71)
	at org.camunda.bpm.engine.impl.interceptor.ProcessApplicationContextInterceptor.execute(ProcessApplicationContextInterceptor.java:70)
	at org.camunda.bpm.engine.impl.interceptor.CommandCounterInterceptor.execute(CommandCounterInterceptor.java:35)
	at org.camunda.bpm.engine.impl.interceptor.LogInterceptor.execute(LogInterceptor.java:33)
	at org.camunda.bpm.engine.impl.interceptor.ExceptionCodeInterceptor.execute(ExceptionCodeInterceptor.java:55)
	at org.camunda.bpm.engine.impl.TaskServiceImpl.setAssignee(TaskServiceImpl.java:127)
	at org.camunda.bpm.engine.rest.sub.task.impl.TaskResourceImpl.setAssignee(TaskResourceImpl.java:291)
	at jdk.internal.reflect.GeneratedMethodAccessor467.invoke(Unknown Source)
	at java.base/jdk.internal.reflect.DelegatingMethodAccessorImpl.invoke(DelegatingMethodAccessorImpl.java:43)
	at java.base/java.lang.reflect.Method.invoke(Method.java:568)
	at org.glassfish.jersey.server.model.internal.ResourceMethodInvocationHandlerFactory.lambda$static$0(ResourceMethodInvocationHandlerFactory.java:52)
	at org.glassfish.jersey.server.model.internal.AbstractJavaResourceMethodDispatcher$1.run(AbstractJavaResourceMethodDispatcher.java:124)
	at org.glassfish.jersey.server.model.internal.AbstractJavaResourceMethodDispatcher.invoke(AbstractJavaResourceMethodDispatcher.java:167)
	at org.glassfish.jersey.server.model.internal.JavaResourceMethodDispatcherProvider$VoidOutInvoker.doDispatch(JavaResourceMethodDispatcherProvider.java:159)
	at org.glassfish.jersey.server.model.internal.AbstractJavaResourceMethodDispatcher.dispatch(AbstractJavaResourceMethodDispatcher.java:79)
	at org.glassfish.jersey.server.model.ResourceMethodInvoker.invoke(ResourceMethodInvoker.java:475)
	at org.glassfish.jersey.server.model.ResourceMethodInvoker.apply(ResourceMethodInvoker.java:397)
	at org.glassfish.jersey.server.model.ResourceMethodInvoker.apply(ResourceMethodInvoker.java:81)
	at org.glassfish.jersey.server.ServerRuntime$1.run(ServerRuntime.java:255)
	at org.glassfish.jersey.internal.Errors$1.call(Errors.java:248)
	at org.glassfish.jersey.internal.Errors$1.call(Errors.java:244)
	at org.glassfish.jersey.internal.Errors.process(Errors.java:292)
	at org.glassfish.jersey.internal.Errors.process(Errors.java:274)
	at org.glassfish.jersey.internal.Errors.process(Errors.java:244)
	at org.glassfish.jersey.process.internal.RequestScope.runInScope(RequestScope.java:265)
	at org.glassfish.jersey.server.ServerRuntime.process(ServerRuntime.java:234)
	at org.glassfish.jersey.server.ApplicationHandler.handle(ApplicationHandler.java:684)
	at org.glassfish.jersey.servlet.WebComponent.serviceImpl(WebComponent.java:394)
	at org.glassfish.jersey.servlet.WebComponent.service(WebComponent.java:346)
	at org.glassfish.jersey.servlet.ServletContainer.service(ServletContainer.java:366)
	at org.glassfish.jersey.servlet.ServletContainer.service(ServletContainer.java:319)
	at org.glassfish.jersey.servlet.ServletContainer.service(ServletContainer.java:205)
	at org.apache.catalina.core.ApplicationFilterChain.internalDoFilter(ApplicationFilterChain.java:227)
	at org.apache.catalina.core.ApplicationFilterChain.doFilter(ApplicationFilterChain.java:162)
	at org.apache.tomcat.websocket.server.WsFilter.doFilter(WsFilter.java:53)
	at org.apache.catalina.core.ApplicationFilterChain.internalDoFilter(ApplicationFilterChain.java:189)
	at org.apache.catalina.core.ApplicationFilterChain.doFilter(ApplicationFilterChain.java:162)
	at org.camunda.bpm.webapp.impl.engine.ProcessEnginesFilter.applyFilter(ProcessEnginesFilter.java:147)
	at org.camunda.bpm.spring.boot.starter.webapp.filter.ResourceLoadingProcessEnginesFilter.applyFilter(ResourceLoadingProcessEnginesFilter.java:58)
	at org.camunda.bpm.webapp.impl.filter.AbstractTemplateFilter.doFilter(AbstractTemplateFilter.java:58)
	at org.camunda.bpm.spring.boot.starter.webapp.filter.LazyDelegateFilter.doFilter(LazyDelegateFilter.java:60)
	at org.apache.catalina.core.ApplicationFilterChain.internalDoFilter(ApplicationFilterChain.java:189)
	at org.apache.catalina.core.ApplicationFilterChain.doFilter(ApplicationFilterChain.java:162)
	at org.camunda.bpm.webapp.impl.security.filter.headersec.HttpHeaderSecurityFilter.doFilter(HttpHeaderSecurityFilter.java:89)
	at org.apache.catalina.core.ApplicationFilterChain.internalDoFilter(ApplicationFilterChain.java:189)
	at org.apache.catalina.core.ApplicationFilterChain.doFilter(ApplicationFilterChain.java:162)
	at org.camunda.bpm.webapp.impl.security.filter.SessionCookieFilter.doFilter(SessionCookieFilter.java:52)
	at org.apache.catalina.core.ApplicationFilterChain.internalDoFilter(ApplicationFilterChain.java:189)
	at org.apache.catalina.core.ApplicationFilterChain.doFilter(ApplicationFilterChain.java:162)
	at org.camunda.bpm.webapp.impl.security.filter.CsrfPreventionFilter.doFilter(CsrfPreventionFilter.java:171)
	at org.apache.catalina.core.ApplicationFilterChain.internalDoFilter(ApplicationFilterChain.java:189)
	at org.apache.catalina.core.ApplicationFilterChain.doFilter(ApplicationFilterChain.java:162)
	at org.camunda.bpm.webapp.impl.security.filter.SecurityFilter.doFilterSecure(SecurityFilter.java:73)
	at org.camunda.bpm.webapp.impl.security.filter.SecurityFilter.doFilter(SecurityFilter.java:57)
	at org.camunda.bpm.spring.boot.starter.webapp.filter.LazyDelegateFilter.doFilter(LazyDelegateFilter.java:60)
	at org.apache.catalina.core.ApplicationFilterChain.internalDoFilter(ApplicationFilterChain.java:189)
	at org.apache.catalina.core.ApplicationFilterChain.doFilter(ApplicationFilterChain.java:162)
	at org.camunda.bpm.webapp.impl.security.auth.AuthenticationFilter$1.execute(AuthenticationFilter.java:62)
	at org.camunda.bpm.webapp.impl.security.auth.AuthenticationFilter$1.execute(AuthenticationFilter.java:60)
	at org.camunda.bpm.webapp.impl.security.SecurityActions.runWithAuthentications(SecurityActions.java:44)
	at org.camunda.bpm.webapp.impl.security.auth.AuthenticationFilter.doFilter(AuthenticationFilter.java:60)
	at org.apache.catalina.core.ApplicationFilterChain.internalDoFilter(ApplicationFilterChain.java:189)
	at org.apache.catalina.core.ApplicationFilterChain.doFilter(ApplicationFilterChain.java:162)
	at org.springframework.web.filter.RequestContextFilter.doFilterInternal(RequestContextFilter.java:100)
	at org.springframework.web.filter.OncePerRequestFilter.doFilter(OncePerRequestFilter.java:117)
	at org.apache.catalina.core.ApplicationFilterChain.internalDoFilter(ApplicationFilterChain.java:189)
	at org.apache.catalina.core.ApplicationFilterChain.doFilter(ApplicationFilterChain.java:162)
	at org.springframework.web.filter.FormContentFilter.doFilterInternal(FormContentFilter.java:93)
	at org.springframework.web.filter.OncePerRequestFilter.doFilter(OncePerRequestFilter.java:117)
	at org.apache.catalina.core.ApplicationFilterChain.internalDoFilter(ApplicationFilterChain.java:189)
	at org.apache.catalina.core.ApplicationFilterChain.doFilter(ApplicationFilterChain.java:162)
	at org.springframework.web.filter.CharacterEncodingFilter.doFilterInternal(CharacterEncodingFilter.java:201)
	at org.springframework.web.filter.OncePerRequestFilter.doFilter(OncePerRequestFilter.java:117)
	at org.apache.catalina.core.ApplicationFilterChain.internalDoFilter(ApplicationFilterChain.java:189)
	at org.apache.catalina.core.ApplicationFilterChain.doFilter(ApplicationFilterChain.java:162)
	at org.apache.catalina.core.StandardWrapperValve.invoke(StandardWrapperValve.java:197)
	at org.apache.catalina.core.StandardContextValve.invoke(StandardContextValve.java:97)
	at org.apache.catalina.authenticator.AuthenticatorBase.invoke(AuthenticatorBase.java:541)
	at org.apache.catalina.core.StandardHostValve.invoke(StandardHostValve.java:135)
	at org.apache.catalina.valves.ErrorReportValve.invoke(ErrorReportValve.java:92)
	at org.apache.catalina.core.StandardEngineValve.invoke(StandardEngineValve.java:78)
	at org.apache.catalina.connector.CoyoteAdapter.service(CoyoteAdapter.java:360)
	at org.apache.coyote.http11.Http11Processor.service(Http11Processor.java:399)
	at org.apache.coyote.AbstractProcessorLight.process(AbstractProcessorLight.java:65)
	at org.apache.coyote.AbstractProtocol$ConnectionHandler.process(AbstractProtocol.java:890)
	at org.apache.tomcat.util.net.NioEndpoint$SocketProcessor.doRun(NioEndpoint.java:1789)
	at org.apache.tomcat.util.net.SocketProcessorBase.run(SocketProcessorBase.java:49)
	at org.apache.tomcat.util.threads.ThreadPoolExecutor.runWorker(ThreadPoolExecutor.java:1191)
	at org.apache.tomcat.util.threads.ThreadPoolExecutor$Worker.run(ThreadPoolExecutor.java:659)
	at org.apache.tomcat.util.threads.TaskThread$WrappingRunnable.run(TaskThread.java:61)
	at java.base/java.lang.Thread.run(Thread.java:833)
] 
[2023-07-20 12:00:22,922] - [org.camunda.bpm.engine.rest.exception] [logWarn] -> (WARN) [ENGINE-REST-HTTP500 org.camunda.bpm.engine.OptimisticLockingException: ENGINE-03005 Execution of 'UPDATE TaskEntity[a7be98d1-26c6-11ee-be2f-fa89d2161e61]' failed. Entity was updated by another transaction concurrently.
	at org.camunda.bpm.engine.impl.db.EnginePersistenceLogger.concurrentUpdateDbEntityException(EnginePersistenceLogger.java:141)
	at org.camunda.bpm.engine.impl.db.entitymanager.DbEntityManager.handleConcurrentModification(DbEntityManager.java:413)
	at org.camunda.bpm.engine.impl.db.entitymanager.DbEntityManager.flushDbOperations(DbEntityManager.java:356)
	at org.camunda.bpm.engine.impl.db.entitymanager.DbEntityManager.flushDbOperationManager(DbEntityManager.java:323)
	at org.camunda.bpm.engine.impl.db.entitymanager.DbEntityManager.flush(DbEntityManager.java:295)
	at org.camunda.bpm.engine.impl.interceptor.CommandContext.flushSessions(CommandContext.java:272)
	at org.camunda.bpm.engine.impl.interceptor.CommandContext.close(CommandContext.java:188)
	at org.camunda.bpm.engine.impl.interceptor.CommandContextInterceptor.execute(CommandContextInterceptor.java:119)
	at org.camunda.bpm.engine.spring.SpringTransactionInterceptor.lambda$execute$0(SpringTransactionInterceptor.java:71)
	at org.springframework.transaction.support.TransactionTemplate.execute(TransactionTemplate.java:140)
	at org.camunda.bpm.engine.spring.SpringTransactionInterceptor.execute(SpringTransactionInterceptor.java:71)
	at org.camunda.bpm.engine.impl.interceptor.ProcessApplicationContextInterceptor.execute(ProcessApplicationContextInterceptor.java:70)
	at org.camunda.bpm.engine.impl.interceptor.CommandCounterInterceptor.execute(CommandCounterInterceptor.java:35)
	at org.camunda.bpm.engine.impl.interceptor.LogInterceptor.execute(LogInterceptor.java:33)
	at org.camunda.bpm.engine.impl.interceptor.ExceptionCodeInterceptor.execute(ExceptionCodeInterceptor.java:55)
	at org.camunda.bpm.engine.impl.TaskServiceImpl.setAssignee(TaskServiceImpl.java:127)
	at org.camunda.bpm.engine.rest.sub.task.impl.TaskResourceImpl.setAssignee(TaskResourceImpl.java:291)
	at jdk.internal.reflect.GeneratedMethodAccessor467.invoke(Unknown Source)
	at java.base/jdk.internal.reflect.DelegatingMethodAccessorImpl.invoke(DelegatingMethodAccessorImpl.java:43)
	at java.base/java.lang.reflect.Method.invoke(Method.java:568)
	at org.glassfish.jersey.server.model.internal.ResourceMethodInvocationHandlerFactory.lambda$static$0(ResourceMethodInvocationHandlerFactory.java:52)
	at org.glassfish.jersey.server.model.internal.AbstractJavaResourceMethodDispatcher$1.run(AbstractJavaResourceMethodDispatcher.java:124)
	at org.glassfish.jersey.server.model.internal.AbstractJavaResourceMethodDispatcher.invoke(AbstractJavaResourceMethodDispatcher.java:167)
	at org.glassfish.jersey.server.model.internal.JavaResourceMethodDispatcherProvider$VoidOutInvoker.doDispatch(JavaResourceMethodDispatcherProvider.java:159)
	at org.glassfish.jersey.server.model.internal.AbstractJavaResourceMethodDispatcher.dispatch(AbstractJavaResourceMethodDispatcher.java:79)
	at org.glassfish.jersey.server.model.ResourceMethodInvoker.invoke(ResourceMethodInvoker.java:475)
	at org.glassfish.jersey.server.model.ResourceMethodInvoker.apply(ResourceMethodInvoker.java:397)
	at org.glassfish.jersey.server.model.ResourceMethodInvoker.apply(ResourceMethodInvoker.java:81)
	at org.glassfish.jersey.server.ServerRuntime$1.run(ServerRuntime.java:255)
	at org.glassfish.jersey.internal.Errors$1.call(Errors.java:248)
	at org.glassfish.jersey.internal.Errors$1.call(Errors.java:244)
	at org.glassfish.jersey.internal.Errors.process(Errors.java:292)
	at org.glassfish.jersey.internal.Errors.process(Errors.java:274)
	at org.glassfish.jersey.internal.Errors.process(Errors.java:244)
	at org.glassfish.jersey.process.internal.RequestScope.runInScope(RequestScope.java:265)
	at org.glassfish.jersey.server.ServerRuntime.process(ServerRuntime.java:234)
	at org.glassfish.jersey.server.ApplicationHandler.handle(ApplicationHandler.java:684)
	at org.glassfish.jersey.servlet.WebComponent.serviceImpl(WebComponent.java:394)
	at org.glassfish.jersey.servlet.WebComponent.service(WebComponent.java:346)
	at org.glassfish.jersey.servlet.ServletContainer.service(ServletContainer.java:366)
	at org.glassfish.jersey.servlet.ServletContainer.service(ServletContainer.java:319)
	at org.glassfish.jersey.servlet.ServletContainer.service(ServletContainer.java:205)
	at org.apache.catalina.core.ApplicationFilterChain.internalDoFilter(ApplicationFilterChain.java:227)
	at org.apache.catalina.core.ApplicationFilterChain.doFilter(ApplicationFilterChain.java:162)
	at org.apache.tomcat.websocket.server.WsFilter.doFilter(WsFilter.java:53)
	at org.apache.catalina.core.ApplicationFilterChain.internalDoFilter(ApplicationFilterChain.java:189)
	at org.apache.catalina.core.ApplicationFilterChain.doFilter(ApplicationFilterChain.java:162)
	at org.camunda.bpm.webapp.impl.engine.ProcessEnginesFilter.applyFilter(ProcessEnginesFilter.java:147)
	at org.camunda.bpm.spring.boot.starter.webapp.filter.ResourceLoadingProcessEnginesFilter.applyFilter(ResourceLoadingProcessEnginesFilter.java:58)
	at org.camunda.bpm.webapp.impl.filter.AbstractTemplateFilter.doFilter(AbstractTemplateFilter.java:58)
	at org.camunda.bpm.spring.boot.starter.webapp.filter.LazyDelegateFilter.doFilter(LazyDelegateFilter.java:60)
	at org.apache.catalina.core.ApplicationFilterChain.internalDoFilter(ApplicationFilterChain.java:189)
	at org.apache.catalina.core.ApplicationFilterChain.doFilter(ApplicationFilterChain.java:162)
	at org.camunda.bpm.webapp.impl.security.filter.headersec.HttpHeaderSecurityFilter.doFilter(HttpHeaderSecurityFilter.java:89)
	at org.apache.catalina.core.ApplicationFilterChain.internalDoFilter(ApplicationFilterChain.java:189)
	at org.apache.catalina.core.ApplicationFilterChain.doFilter(ApplicationFilterChain.java:162)
	at org.camunda.bpm.webapp.impl.security.filter.SessionCookieFilter.doFilter(SessionCookieFilter.java:52)
	at org.apache.catalina.core.ApplicationFilterChain.internalDoFilter(ApplicationFilterChain.java:189)
	at org.apache.catalina.core.ApplicationFilterChain.doFilter(ApplicationFilterChain.java:162)
	at org.camunda.bpm.webapp.impl.security.filter.CsrfPreventionFilter.doFilter(CsrfPreventionFilter.java:171)
	at org.apache.catalina.core.ApplicationFilterChain.internalDoFilter(ApplicationFilterChain.java:189)
	at org.apache.catalina.core.ApplicationFilterChain.doFilter(ApplicationFilterChain.java:162)
	at org.camunda.bpm.webapp.impl.security.filter.SecurityFilter.doFilterSecure(SecurityFilter.java:73)
	at org.camunda.bpm.webapp.impl.security.filter.SecurityFilter.doFilter(SecurityFilter.java:57)
	at org.camunda.bpm.spring.boot.starter.webapp.filter.LazyDelegateFilter.doFilter(LazyDelegateFilter.java:60)
	at org.apache.catalina.core.ApplicationFilterChain.internalDoFilter(ApplicationFilterChain.java:189)
	at org.apache.catalina.core.ApplicationFilterChain.doFilter(ApplicationFilterChain.java:162)
	at org.camunda.bpm.webapp.impl.security.auth.AuthenticationFilter$1.execute(AuthenticationFilter.java:62)
	at org.camunda.bpm.webapp.impl.security.auth.AuthenticationFilter$1.execute(AuthenticationFilter.java:60)
	at org.camunda.bpm.webapp.impl.security.SecurityActions.runWithAuthentications(SecurityActions.java:44)
	at org.camunda.bpm.webapp.impl.security.auth.AuthenticationFilter.doFilter(AuthenticationFilter.java:60)
	at org.apache.catalina.core.ApplicationFilterChain.internalDoFilter(ApplicationFilterChain.java:189)
	at org.apache.catalina.core.ApplicationFilterChain.doFilter(ApplicationFilterChain.java:162)
	at org.springframework.web.filter.RequestContextFilter.doFilterInternal(RequestContextFilter.java:100)
	at org.springframework.web.filter.OncePerRequestFilter.doFilter(OncePerRequestFilter.java:117)
	at org.apache.catalina.core.ApplicationFilterChain.internalDoFilter(ApplicationFilterChain.java:189)
	at org.apache.catalina.core.ApplicationFilterChain.doFilter(ApplicationFilterChain.java:162)
	at org.springframework.web.filter.FormContentFilter.doFilterInternal(FormContentFilter.java:93)
	at org.springframework.web.filter.OncePerRequestFilter.doFilter(OncePerRequestFilter.java:117)
	at org.apache.catalina.core.ApplicationFilterChain.internalDoFilter(ApplicationFilterChain.java:189)
	at org.apache.catalina.core.ApplicationFilterChain.doFilter(ApplicationFilterChain.java:162)
	at org.springframework.web.filter.CharacterEncodingFilter.doFilterInternal(CharacterEncodingFilter.java:201)
	at org.springframework.web.filter.OncePerRequestFilter.doFilter(OncePerRequestFilter.java:117)
	at org.apache.catalina.core.ApplicationFilterChain.internalDoFilter(ApplicationFilterChain.java:189)
	at org.apache.catalina.core.ApplicationFilterChain.doFilter(ApplicationFilterChain.java:162)
	at org.apache.catalina.core.StandardWrapperValve.invoke(StandardWrapperValve.java:197)
	at org.apache.catalina.core.StandardContextValve.invoke(StandardContextValve.java:97)
	at org.apache.catalina.authenticator.AuthenticatorBase.invoke(AuthenticatorBase.java:541)
	at org.apache.catalina.core.StandardHostValve.invoke(StandardHostValve.java:135)
	at org.apache.catalina.valves.ErrorReportValve.invoke(ErrorReportValve.java:92)
	at org.apache.catalina.core.StandardEngineValve.invoke(StandardEngineValve.java:78)
	at org.apache.catalina.connector.CoyoteAdapter.service(CoyoteAdapter.java:360)
	at org.apache.coyote.http11.Http11Processor.service(Http11Processor.java:399)
	at org.apache.coyote.AbstractProcessorLight.process(AbstractProcessorLight.java:65)
	at org.apache.coyote.AbstractProtocol$ConnectionHandler.process(AbstractProtocol.java:890)
	at org.apache.tomcat.util.net.NioEndpoint$SocketProcessor.doRun(NioEndpoint.java:1789)
	at org.apache.tomcat.util.net.SocketProcessorBase.run(SocketProcessorBase.java:49)
	at org.apache.tomcat.util.threads.ThreadPoolExecutor.runWorker(ThreadPoolExecutor.java:1191)
	at org.apache.tomcat.util.threads.ThreadPoolExecutor$Worker.run(ThreadPoolExecutor.java:659)
	at org.apache.tomcat.util.threads.TaskThread$WrappingRunnable.run(TaskThread.java:61)
	at java.base/java.lang.Thread.run(Thread.java:833)
] 
[2023-07-20 12:00:25,766] - [com.hcl.elch.freshersuperchargers.trainingworkflow.controller.TaskAssignmentListener] [notify] -> (INFO) [Task Assignment Email successfully sent to group '' with address '[Sandipan.dandapat@hcl.com, tausif.ahmad@hcl.com]'.] 
[2023-07-20 12:00:25,783] - [org.camunda.bpm.engine.rest.exception] [logWarn] -> (WARN) [ENGINE-REST-HTTP500 org.camunda.bpm.engine.OptimisticLockingException: ENGINE-03005 Execution of 'UPDATE TaskEntity[a7be98d1-26c6-11ee-be2f-fa89d2161e61]' failed. Entity was updated by another transaction concurrently.
	at org.camunda.bpm.engine.impl.db.EnginePersistenceLogger.concurrentUpdateDbEntityException(EnginePersistenceLogger.java:141)
	at org.camunda.bpm.engine.impl.db.entitymanager.DbEntityManager.handleConcurrentModification(DbEntityManager.java:413)
	at org.camunda.bpm.engine.impl.db.entitymanager.DbEntityManager.flushDbOperations(DbEntityManager.java:356)
	at org.camunda.bpm.engine.impl.db.entitymanager.DbEntityManager.flushDbOperationManager(DbEntityManager.java:323)
	at org.camunda.bpm.engine.impl.db.entitymanager.DbEntityManager.flush(DbEntityManager.java:295)
	at org.camunda.bpm.engine.impl.interceptor.CommandContext.flushSessions(CommandContext.java:272)
	at org.camunda.bpm.engine.impl.interceptor.CommandContext.close(CommandContext.java:188)
	at org.camunda.bpm.engine.impl.interceptor.CommandContextInterceptor.execute(CommandContextInterceptor.java:119)
	at org.camunda.bpm.engine.spring.SpringTransactionInterceptor.lambda$execute$0(SpringTransactionInterceptor.java:71)
	at org.springframework.transaction.support.TransactionTemplate.execute(TransactionTemplate.java:140)
	at org.camunda.bpm.engine.spring.SpringTransactionInterceptor.execute(SpringTransactionInterceptor.java:71)
	at org.camunda.bpm.engine.impl.interceptor.ProcessApplicationContextInterceptor.execute(ProcessApplicationContextInterceptor.java:70)
	at org.camunda.bpm.engine.impl.interceptor.CommandCounterInterceptor.execute(CommandCounterInterceptor.java:35)
	at org.camunda.bpm.engine.impl.interceptor.LogInterceptor.execute(LogInterceptor.java:33)
	at org.camunda.bpm.engine.impl.interceptor.ExceptionCodeInterceptor.execute(ExceptionCodeInterceptor.java:55)
	at org.camunda.bpm.engine.impl.TaskServiceImpl.setAssignee(TaskServiceImpl.java:127)
	at org.camunda.bpm.engine.rest.sub.task.impl.TaskResourceImpl.setAssignee(TaskResourceImpl.java:291)
	at jdk.internal.reflect.GeneratedMethodAccessor467.invoke(Unknown Source)
	at java.base/jdk.internal.reflect.DelegatingMethodAccessorImpl.invoke(DelegatingMethodAccessorImpl.java:43)
	at java.base/java.lang.reflect.Method.invoke(Method.java:568)
	at org.glassfish.jersey.server.model.internal.ResourceMethodInvocationHandlerFactory.lambda$static$0(ResourceMethodInvocationHandlerFactory.java:52)
	at org.glassfish.jersey.server.model.internal.AbstractJavaResourceMethodDispatcher$1.run(AbstractJavaResourceMethodDispatcher.java:124)
	at org.glassfish.jersey.server.model.internal.AbstractJavaResourceMethodDispatcher.invoke(AbstractJavaResourceMethodDispatcher.java:167)
	at org.glassfish.jersey.server.model.internal.JavaResourceMethodDispatcherProvider$VoidOutInvoker.doDispatch(JavaResourceMethodDispatcherProvider.java:159)
	at org.glassfish.jersey.server.model.internal.AbstractJavaResourceMethodDispatcher.dispatch(AbstractJavaResourceMethodDispatcher.java:79)
	at org.glassfish.jersey.server.model.ResourceMethodInvoker.invoke(ResourceMethodInvoker.java:475)
	at org.glassfish.jersey.server.model.ResourceMethodInvoker.apply(ResourceMethodInvoker.java:397)
	at org.glassfish.jersey.server.model.ResourceMethodInvoker.apply(ResourceMethodInvoker.java:81)
	at org.glassfish.jersey.server.ServerRuntime$1.run(ServerRuntime.java:255)
	at org.glassfish.jersey.internal.Errors$1.call(Errors.java:248)
	at org.glassfish.jersey.internal.Errors$1.call(Errors.java:244)
	at org.glassfish.jersey.internal.Errors.process(Errors.java:292)
	at org.glassfish.jersey.internal.Errors.process(Errors.java:274)
	at org.glassfish.jersey.internal.Errors.process(Errors.java:244)
	at org.glassfish.jersey.process.internal.RequestScope.runInScope(RequestScope.java:265)
	at org.glassfish.jersey.server.ServerRuntime.process(ServerRuntime.java:234)
	at org.glassfish.jersey.server.ApplicationHandler.handle(ApplicationHandler.java:684)
	at org.glassfish.jersey.servlet.WebComponent.serviceImpl(WebComponent.java:394)
	at org.glassfish.jersey.servlet.WebComponent.service(WebComponent.java:346)
	at org.glassfish.jersey.servlet.ServletContainer.service(ServletContainer.java:366)
	at org.glassfish.jersey.servlet.ServletContainer.service(ServletContainer.java:319)
	at org.glassfish.jersey.servlet.ServletContainer.service(ServletContainer.java:205)
	at org.apache.catalina.core.ApplicationFilterChain.internalDoFilter(ApplicationFilterChain.java:227)
	at org.apache.catalina.core.ApplicationFilterChain.doFilter(ApplicationFilterChain.java:162)
	at org.apache.tomcat.websocket.server.WsFilter.doFilter(WsFilter.java:53)
	at org.apache.catalina.core.ApplicationFilterChain.internalDoFilter(ApplicationFilterChain.java:189)
	at org.apache.catalina.core.ApplicationFilterChain.doFilter(ApplicationFilterChain.java:162)
	at org.camunda.bpm.webapp.impl.engine.ProcessEnginesFilter.applyFilter(ProcessEnginesFilter.java:147)
	at org.camunda.bpm.spring.boot.starter.webapp.filter.ResourceLoadingProcessEnginesFilter.applyFilter(ResourceLoadingProcessEnginesFilter.java:58)
	at org.camunda.bpm.webapp.impl.filter.AbstractTemplateFilter.doFilter(AbstractTemplateFilter.java:58)
	at org.camunda.bpm.spring.boot.starter.webapp.filter.LazyDelegateFilter.doFilter(LazyDelegateFilter.java:60)
	at org.apache.catalina.core.ApplicationFilterChain.internalDoFilter(ApplicationFilterChain.java:189)
	at org.apache.catalina.core.ApplicationFilterChain.doFilter(ApplicationFilterChain.java:162)
	at org.camunda.bpm.webapp.impl.security.filter.headersec.HttpHeaderSecurityFilter.doFilter(HttpHeaderSecurityFilter.java:89)
	at org.apache.catalina.core.ApplicationFilterChain.internalDoFilter(ApplicationFilterChain.java:189)
	at org.apache.catalina.core.ApplicationFilterChain.doFilter(ApplicationFilterChain.java:162)
	at org.camunda.bpm.webapp.impl.security.filter.SessionCookieFilter.doFilter(SessionCookieFilter.java:52)
	at org.apache.catalina.core.ApplicationFilterChain.internalDoFilter(ApplicationFilterChain.java:189)
	at org.apache.catalina.core.ApplicationFilterChain.doFilter(ApplicationFilterChain.java:162)
	at org.camunda.bpm.webapp.impl.security.filter.CsrfPreventionFilter.doFilter(CsrfPreventionFilter.java:171)
	at org.apache.catalina.core.ApplicationFilterChain.internalDoFilter(ApplicationFilterChain.java:189)
	at org.apache.catalina.core.ApplicationFilterChain.doFilter(ApplicationFilterChain.java:162)
	at org.camunda.bpm.webapp.impl.security.filter.SecurityFilter.doFilterSecure(SecurityFilter.java:73)
	at org.camunda.bpm.webapp.impl.security.filter.SecurityFilter.doFilter(SecurityFilter.java:57)
	at org.camunda.bpm.spring.boot.starter.webapp.filter.LazyDelegateFilter.doFilter(LazyDelegateFilter.java:60)
	at org.apache.catalina.core.ApplicationFilterChain.internalDoFilter(ApplicationFilterChain.java:189)
	at org.apache.catalina.core.ApplicationFilterChain.doFilter(ApplicationFilterChain.java:162)
	at org.camunda.bpm.webapp.impl.security.auth.AuthenticationFilter$1.execute(AuthenticationFilter.java:62)
	at org.camunda.bpm.webapp.impl.security.auth.AuthenticationFilter$1.execute(AuthenticationFilter.java:60)
	at org.camunda.bpm.webapp.impl.security.SecurityActions.runWithAuthentications(SecurityActions.java:44)
	at org.camunda.bpm.webapp.impl.security.auth.AuthenticationFilter.doFilter(AuthenticationFilter.java:60)
	at org.apache.catalina.core.ApplicationFilterChain.internalDoFilter(ApplicationFilterChain.java:189)
	at org.apache.catalina.core.ApplicationFilterChain.doFilter(ApplicationFilterChain.java:162)
	at org.springframework.web.filter.RequestContextFilter.doFilterInternal(RequestContextFilter.java:100)
	at org.springframework.web.filter.OncePerRequestFilter.doFilter(OncePerRequestFilter.java:117)
	at org.apache.catalina.core.ApplicationFilterChain.internalDoFilter(ApplicationFilterChain.java:189)
	at org.apache.catalina.core.ApplicationFilterChain.doFilter(ApplicationFilterChain.java:162)
	at org.springframework.web.filter.FormContentFilter.doFilterInternal(FormContentFilter.java:93)
	at org.springframework.web.filter.OncePerRequestFilter.doFilter(OncePerRequestFilter.java:117)
	at org.apache.catalina.core.ApplicationFilterChain.internalDoFilter(ApplicationFilterChain.java:189)
	at org.apache.catalina.core.ApplicationFilterChain.doFilter(ApplicationFilterChain.java:162)
	at org.springframework.web.filter.CharacterEncodingFilter.doFilterInternal(CharacterEncodingFilter.java:201)
	at org.springframework.web.filter.OncePerRequestFilter.doFilter(OncePerRequestFilter.java:117)
	at org.apache.catalina.core.ApplicationFilterChain.internalDoFilter(ApplicationFilterChain.java:189)
	at org.apache.catalina.core.ApplicationFilterChain.doFilter(ApplicationFilterChain.java:162)
	at org.apache.catalina.core.StandardWrapperValve.invoke(StandardWrapperValve.java:197)
	at org.apache.catalina.core.StandardContextValve.invoke(StandardContextValve.java:97)
	at org.apache.catalina.authenticator.AuthenticatorBase.invoke(AuthenticatorBase.java:541)
	at org.apache.catalina.core.StandardHostValve.invoke(StandardHostValve.java:135)
	at org.apache.catalina.valves.ErrorReportValve.invoke(ErrorReportValve.java:92)
	at org.apache.catalina.core.StandardEngineValve.invoke(StandardEngineValve.java:78)
	at org.apache.catalina.connector.CoyoteAdapter.service(CoyoteAdapter.java:360)
	at org.apache.coyote.http11.Http11Processor.service(Http11Processor.java:399)
	at org.apache.coyote.AbstractProcessorLight.process(AbstractProcessorLight.java:65)
	at org.apache.coyote.AbstractProtocol$ConnectionHandler.process(AbstractProtocol.java:890)
	at org.apache.tomcat.util.net.NioEndpoint$SocketProcessor.doRun(NioEndpoint.java:1789)
	at org.apache.tomcat.util.net.SocketProcessorBase.run(SocketProcessorBase.java:49)
	at org.apache.tomcat.util.threads.ThreadPoolExecutor.runWorker(ThreadPoolExecutor.java:1191)
	at org.apache.tomcat.util.threads.ThreadPoolExecutor$Worker.run(ThreadPoolExecutor.java:659)
	at org.apache.tomcat.util.threads.TaskThread$WrappingRunnable.run(TaskThread.java:61)
	at java.base/java.lang.Thread.run(Thread.java:833)
] 
[2023-07-20 12:00:30,628] - [com.hcl.elch.freshersuperchargers.trainingworkflow.controller.TaskAssignmentListener] [notify] -> (INFO) [Task Assignment Email successfully sent to group '' with address '[Sandipan.dandapat@hcl.com, tausif.ahmad@hcl.com]'.] 
[2023-07-20 12:00:30,644] - [org.camunda.bpm.engine.rest.exception] [logWarn] -> (WARN) [ENGINE-REST-HTTP500 org.camunda.bpm.engine.OptimisticLockingException: ENGINE-03005 Execution of 'UPDATE TaskEntity[a7be98d1-26c6-11ee-be2f-fa89d2161e61]' failed. Entity was updated by another transaction concurrently.
	at org.camunda.bpm.engine.impl.db.EnginePersistenceLogger.concurrentUpdateDbEntityException(EnginePersistenceLogger.java:141)
	at org.camunda.bpm.engine.impl.db.entitymanager.DbEntityManager.handleConcurrentModification(DbEntityManager.java:413)
	at org.camunda.bpm.engine.impl.db.entitymanager.DbEntityManager.flushDbOperations(DbEntityManager.java:356)
	at org.camunda.bpm.engine.impl.db.entitymanager.DbEntityManager.flushDbOperationManager(DbEntityManager.java:323)
	at org.camunda.bpm.engine.impl.db.entitymanager.DbEntityManager.flush(DbEntityManager.java:295)
	at org.camunda.bpm.engine.impl.interceptor.CommandContext.flushSessions(CommandContext.java:272)
	at org.camunda.bpm.engine.impl.interceptor.CommandContext.close(CommandContext.java:188)
	at org.camunda.bpm.engine.impl.interceptor.CommandContextInterceptor.execute(CommandContextInterceptor.java:119)
	at org.camunda.bpm.engine.spring.SpringTransactionInterceptor.lambda$execute$0(SpringTransactionInterceptor.java:71)
	at org.springframework.transaction.support.TransactionTemplate.execute(TransactionTemplate.java:140)
	at org.camunda.bpm.engine.spring.SpringTransactionInterceptor.execute(SpringTransactionInterceptor.java:71)
	at org.camunda.bpm.engine.impl.interceptor.ProcessApplicationContextInterceptor.execute(ProcessApplicationContextInterceptor.java:70)
	at org.camunda.bpm.engine.impl.interceptor.CommandCounterInterceptor.execute(CommandCounterInterceptor.java:35)
	at org.camunda.bpm.engine.impl.interceptor.LogInterceptor.execute(LogInterceptor.java:33)
	at org.camunda.bpm.engine.impl.interceptor.ExceptionCodeInterceptor.execute(ExceptionCodeInterceptor.java:55)
	at org.camunda.bpm.engine.impl.TaskServiceImpl.setAssignee(TaskServiceImpl.java:127)
	at org.camunda.bpm.engine.rest.sub.task.impl.TaskResourceImpl.setAssignee(TaskResourceImpl.java:291)
	at jdk.internal.reflect.GeneratedMethodAccessor467.invoke(Unknown Source)
	at java.base/jdk.internal.reflect.DelegatingMethodAccessorImpl.invoke(DelegatingMethodAccessorImpl.java:43)
	at java.base/java.lang.reflect.Method.invoke(Method.java:568)
	at org.glassfish.jersey.server.model.internal.ResourceMethodInvocationHandlerFactory.lambda$static$0(ResourceMethodInvocationHandlerFactory.java:52)
	at org.glassfish.jersey.server.model.internal.AbstractJavaResourceMethodDispatcher$1.run(AbstractJavaResourceMethodDispatcher.java:124)
	at org.glassfish.jersey.server.model.internal.AbstractJavaResourceMethodDispatcher.invoke(AbstractJavaResourceMethodDispatcher.java:167)
	at org.glassfish.jersey.server.model.internal.JavaResourceMethodDispatcherProvider$VoidOutInvoker.doDispatch(JavaResourceMethodDispatcherProvider.java:159)
	at org.glassfish.jersey.server.model.internal.AbstractJavaResourceMethodDispatcher.dispatch(AbstractJavaResourceMethodDispatcher.java:79)
	at org.glassfish.jersey.server.model.ResourceMethodInvoker.invoke(ResourceMethodInvoker.java:475)
	at org.glassfish.jersey.server.model.ResourceMethodInvoker.apply(ResourceMethodInvoker.java:397)
	at org.glassfish.jersey.server.model.ResourceMethodInvoker.apply(ResourceMethodInvoker.java:81)
	at org.glassfish.jersey.server.ServerRuntime$1.run(ServerRuntime.java:255)
	at org.glassfish.jersey.internal.Errors$1.call(Errors.java:248)
	at org.glassfish.jersey.internal.Errors$1.call(Errors.java:244)
	at org.glassfish.jersey.internal.Errors.process(Errors.java:292)
	at org.glassfish.jersey.internal.Errors.process(Errors.java:274)
	at org.glassfish.jersey.internal.Errors.process(Errors.java:244)
	at org.glassfish.jersey.process.internal.RequestScope.runInScope(RequestScope.java:265)
	at org.glassfish.jersey.server.ServerRuntime.process(ServerRuntime.java:234)
	at org.glassfish.jersey.server.ApplicationHandler.handle(ApplicationHandler.java:684)
	at org.glassfish.jersey.servlet.WebComponent.serviceImpl(WebComponent.java:394)
	at org.glassfish.jersey.servlet.WebComponent.service(WebComponent.java:346)
	at org.glassfish.jersey.servlet.ServletContainer.service(ServletContainer.java:366)
	at org.glassfish.jersey.servlet.ServletContainer.service(ServletContainer.java:319)
	at org.glassfish.jersey.servlet.ServletContainer.service(ServletContainer.java:205)
	at org.apache.catalina.core.ApplicationFilterChain.internalDoFilter(ApplicationFilterChain.java:227)
	at org.apache.catalina.core.ApplicationFilterChain.doFilter(ApplicationFilterChain.java:162)
	at org.apache.tomcat.websocket.server.WsFilter.doFilter(WsFilter.java:53)
	at org.apache.catalina.core.ApplicationFilterChain.internalDoFilter(ApplicationFilterChain.java:189)
	at org.apache.catalina.core.ApplicationFilterChain.doFilter(ApplicationFilterChain.java:162)
	at org.camunda.bpm.webapp.impl.engine.ProcessEnginesFilter.applyFilter(ProcessEnginesFilter.java:147)
	at org.camunda.bpm.spring.boot.starter.webapp.filter.ResourceLoadingProcessEnginesFilter.applyFilter(ResourceLoadingProcessEnginesFilter.java:58)
	at org.camunda.bpm.webapp.impl.filter.AbstractTemplateFilter.doFilter(AbstractTemplateFilter.java:58)
	at org.camunda.bpm.spring.boot.starter.webapp.filter.LazyDelegateFilter.doFilter(LazyDelegateFilter.java:60)
	at org.apache.catalina.core.ApplicationFilterChain.internalDoFilter(ApplicationFilterChain.java:189)
	at org.apache.catalina.core.ApplicationFilterChain.doFilter(ApplicationFilterChain.java:162)
	at org.camunda.bpm.webapp.impl.security.filter.headersec.HttpHeaderSecurityFilter.doFilter(HttpHeaderSecurityFilter.java:89)
	at org.apache.catalina.core.ApplicationFilterChain.internalDoFilter(ApplicationFilterChain.java:189)
	at org.apache.catalina.core.ApplicationFilterChain.doFilter(ApplicationFilterChain.java:162)
	at org.camunda.bpm.webapp.impl.security.filter.SessionCookieFilter.doFilter(SessionCookieFilter.java:52)
	at org.apache.catalina.core.ApplicationFilterChain.internalDoFilter(ApplicationFilterChain.java:189)
	at org.apache.catalina.core.ApplicationFilterChain.doFilter(ApplicationFilterChain.java:162)
	at org.camunda.bpm.webapp.impl.security.filter.CsrfPreventionFilter.doFilter(CsrfPreventionFilter.java:171)
	at org.apache.catalina.core.ApplicationFilterChain.internalDoFilter(ApplicationFilterChain.java:189)
	at org.apache.catalina.core.ApplicationFilterChain.doFilter(ApplicationFilterChain.java:162)
	at org.camunda.bpm.webapp.impl.security.filter.SecurityFilter.doFilterSecure(SecurityFilter.java:73)
	at org.camunda.bpm.webapp.impl.security.filter.SecurityFilter.doFilter(SecurityFilter.java:57)
	at org.camunda.bpm.spring.boot.starter.webapp.filter.LazyDelegateFilter.doFilter(LazyDelegateFilter.java:60)
	at org.apache.catalina.core.ApplicationFilterChain.internalDoFilter(ApplicationFilterChain.java:189)
	at org.apache.catalina.core.ApplicationFilterChain.doFilter(ApplicationFilterChain.java:162)
	at org.camunda.bpm.webapp.impl.security.auth.AuthenticationFilter$1.execute(AuthenticationFilter.java:62)
	at org.camunda.bpm.webapp.impl.security.auth.AuthenticationFilter$1.execute(AuthenticationFilter.java:60)
	at org.camunda.bpm.webapp.impl.security.SecurityActions.runWithAuthentications(SecurityActions.java:44)
	at org.camunda.bpm.webapp.impl.security.auth.AuthenticationFilter.doFilter(AuthenticationFilter.java:60)
	at org.apache.catalina.core.ApplicationFilterChain.internalDoFilter(ApplicationFilterChain.java:189)
	at org.apache.catalina.core.ApplicationFilterChain.doFilter(ApplicationFilterChain.java:162)
	at org.springframework.web.filter.RequestContextFilter.doFilterInternal(RequestContextFilter.java:100)
	at org.springframework.web.filter.OncePerRequestFilter.doFilter(OncePerRequestFilter.java:117)
	at org.apache.catalina.core.ApplicationFilterChain.internalDoFilter(ApplicationFilterChain.java:189)
	at org.apache.catalina.core.ApplicationFilterChain.doFilter(ApplicationFilterChain.java:162)
	at org.springframework.web.filter.FormContentFilter.doFilterInternal(FormContentFilter.java:93)
	at org.springframework.web.filter.OncePerRequestFilter.doFilter(OncePerRequestFilter.java:117)
	at org.apache.catalina.core.ApplicationFilterChain.internalDoFilter(ApplicationFilterChain.java:189)
	at org.apache.catalina.core.ApplicationFilterChain.doFilter(ApplicationFilterChain.java:162)
	at org.springframework.web.filter.CharacterEncodingFilter.doFilterInternal(CharacterEncodingFilter.java:201)
	at org.springframework.web.filter.OncePerRequestFilter.doFilter(OncePerRequestFilter.java:117)
	at org.apache.catalina.core.ApplicationFilterChain.internalDoFilter(ApplicationFilterChain.java:189)
	at org.apache.catalina.core.ApplicationFilterChain.doFilter(ApplicationFilterChain.java:162)
	at org.apache.catalina.core.StandardWrapperValve.invoke(StandardWrapperValve.java:197)
	at org.apache.catalina.core.StandardContextValve.invoke(StandardContextValve.java:97)
	at org.apache.catalina.authenticator.AuthenticatorBase.invoke(AuthenticatorBase.java:541)
	at org.apache.catalina.core.StandardHostValve.invoke(StandardHostValve.java:135)
	at org.apache.catalina.valves.ErrorReportValve.invoke(ErrorReportValve.java:92)
	at org.apache.catalina.core.StandardEngineValve.invoke(StandardEngineValve.java:78)
	at org.apache.catalina.connector.CoyoteAdapter.service(CoyoteAdapter.java:360)
	at org.apache.coyote.http11.Http11Processor.service(Http11Processor.java:399)
	at org.apache.coyote.AbstractProcessorLight.process(AbstractProcessorLight.java:65)
	at org.apache.coyote.AbstractProtocol$ConnectionHandler.process(AbstractProtocol.java:890)
	at org.apache.tomcat.util.net.NioEndpoint$SocketProcessor.doRun(NioEndpoint.java:1789)
	at org.apache.tomcat.util.net.SocketProcessorBase.run(SocketProcessorBase.java:49)
	at org.apache.tomcat.util.threads.ThreadPoolExecutor.runWorker(ThreadPoolExecutor.java:1191)
	at org.apache.tomcat.util.threads.ThreadPoolExecutor$Worker.run(ThreadPoolExecutor.java:659)
	at org.apache.tomcat.util.threads.TaskThread$WrappingRunnable.run(TaskThread.java:61)
	at java.base/java.lang.Thread.run(Thread.java:833)
] 
[2023-07-20 12:01:31,357] - [com.hcl.elch.freshersuperchargers.trainingworkflow.service.EmailSenderService] [mailSendingForPocApprover] -> (INFO) [Inside the mailSendingForPocApprover() method now........] 
[2023-07-20 12:01:40,962] - [com.hcl.elch.freshersuperchargers.trainingworkflow.controller.TaskAssignmentListener] [notify] -> (INFO) [Task Assignment Email successfully sent to group '' with address '[Sandipan.dandapat@hcl.com, tausif.ahmad@hcl.com]'.] 
[2023-07-20 12:01:48,079] - [com.hcl.elch.freshersuperchargers.trainingworkflow.service.EmailSenderService] [mailSendingFailureTask] -> (INFO) [Inside the mailSendingFailureTask() method now........] 
[2023-07-20 12:02:29,848] - [com.hcl.elch.freshersuperchargers.trainingworkflow.service.EmailSenderService] [mailSendingForPocApprover] -> (INFO) [Inside the mailSendingForPocApprover() method now........] 
[2023-07-20 12:02:36,272] - [com.hcl.elch.freshersuperchargers.trainingworkflow.controller.TaskAssignmentListener] [notify] -> (INFO) [Task Assignment Email successfully sent to group '' with address '[Sandipan.dandapat@hcl.com, tausif.ahmad@hcl.com]'.] 
[2023-07-20 12:02:57,837] - [org.springframework.boot.devtools.autoconfigure.LocalDevToolsAutoConfiguration$RestartingClassPathChangeChangedEventListener] [onApplicationEvent] -> (INFO) [Restarting due to 1 class path change (1 addition, 0 deletions, 0 modifications)] 
[2023-07-20 12:02:57,949] - [org.camunda.bpm.container] [logInfo] -> (INFO) [ENGINE-08051 Process application trainingWorkflowApplication undeployed] 
[2023-07-20 12:02:57,973] - [org.apache.coyote.http11.Http11NioProtocol] [log] -> (INFO) [Pausing ProtocolHandler ["http-nio-9002"]] 
[2023-07-20 12:02:57,973] - [org.apache.catalina.core.StandardService] [log] -> (INFO) [Stopping service [Tomcat]] 
[2023-07-20 12:02:57,983] - [org.apache.catalina.core.ContainerBase.[Tomcat].[localhost].[/]] [log] -> (INFO) [Destroying Spring FrameworkServlet 'dispatcherServlet'] 
[2023-07-20 12:02:58,002] - [org.apache.coyote.http11.Http11NioProtocol] [log] -> (INFO) [Stopping ProtocolHandler ["http-nio-9002"]] 
[2023-07-20 12:02:58,005] - [org.apache.coyote.http11.Http11NioProtocol] [log] -> (INFO) [Destroying ProtocolHandler ["http-nio-9002"]] 
[2023-07-20 12:02:58,091] - [org.camunda.bpm.engine.jobexecutor] [logInfo] -> (INFO) [ENGINE-14015 Shutting down the JobExecutor[org.camunda.bpm.engine.spring.components.jobexecutor.SpringJobExecutor]] 
[2023-07-20 12:02:58,091] - [org.camunda.bpm.engine.jobexecutor] [logInfo] -> (INFO) [ENGINE-14020 JobExecutor[org.camunda.bpm.engine.spring.components.jobexecutor.SpringJobExecutor] stopped job acquisition] 
[2023-07-20 12:02:58,095] - [org.camunda.bpm.engine] [logInfo] -> (INFO) [ENGINE-00007 Process Engine default closed] 
[2023-07-20 12:02:58,096] - [org.springframework.orm.jpa.LocalContainerEntityManagerFactoryBean] [destroy] -> (INFO) [Closing JPA EntityManagerFactory for persistence unit 'default'] 
[2023-07-20 12:02:58,101] - [com.zaxxer.hikari.HikariDataSource] [close] -> (INFO) [HikariPool-1 - Shutdown initiated...] 
[2023-07-20 12:02:58,114] - [com.zaxxer.hikari.HikariDataSource] [close] -> (INFO) [HikariPool-1 - Shutdown completed.] 
[2023-07-20 12:02:58,300] - [com.hcl.elch.freshersuperchargers.trainingworkflow.TrainingWorkflowApplication] [logStarting] -> (INFO) [Starting TrainingWorkflowApplication using Java 17.0.4 on LP-5CG1369TJ6 with PID 13408 (C:\Softwares\Module2\target\classes started by avula_aswini in C:\Softwares\Module2)] 
[2023-07-20 12:02:58,301] - [com.hcl.elch.freshersuperchargers.trainingworkflow.TrainingWorkflowApplication] [logStartupProfileInfo] -> (INFO) [No active profile set, falling back to 1 default profile: "default"] 
[2023-07-20 12:02:58,612] - [org.springframework.data.repository.config.RepositoryConfigurationDelegate] [registerRepositoriesIn] -> (INFO) [Bootstrapping Spring Data JPA repositories in DEFAULT mode.] 
[2023-07-20 12:02:58,690] - [org.springframework.data.repository.config.RepositoryConfigurationDelegate] [registerRepositoriesIn] -> (INFO) [Finished Spring Data repository scanning in 77 ms. Found 7 JPA repository interfaces.] 
[2023-07-20 12:02:58,877] - [org.springframework.boot.web.embedded.tomcat.TomcatWebServer] [initialize] -> (INFO) [Tomcat initialized with port(s): 9002 (http)] 
[2023-07-20 12:02:58,878] - [org.apache.coyote.http11.Http11NioProtocol] [log] -> (INFO) [Initializing ProtocolHandler ["http-nio-9002"]] 
[2023-07-20 12:02:58,878] - [org.apache.catalina.core.StandardService] [log] -> (INFO) [Starting service [Tomcat]] 
[2023-07-20 12:02:58,879] - [org.apache.catalina.core.StandardEngine] [log] -> (INFO) [Starting Servlet engine: [Apache Tomcat/9.0.65]] 
[2023-07-20 12:02:58,966] - [org.apache.catalina.core.ContainerBase.[Tomcat].[localhost].[/]] [log] -> (INFO) [Initializing Spring embedded WebApplicationContext] 
[2023-07-20 12:02:58,966] - [org.springframework.boot.web.servlet.context.ServletWebServerApplicationContext] [prepareWebApplicationContext] -> (INFO) [Root WebApplicationContext: initialization completed in 661 ms] 
[2023-07-20 12:02:58,971] - [org.camunda.bpm.spring.boot.starter.rest.CamundaJerseyResourceConfig] [registerCamundaRestResources] -> (INFO) [Configuring camunda rest api.] 
[2023-07-20 12:02:58,972] - [org.camunda.bpm.spring.boot.starter.rest.CamundaJerseyResourceConfig] [registerCamundaRestResources] -> (INFO) [Finished configuring camunda rest api.] 
[2023-07-20 12:02:59,063] - [org.hibernate.jpa.internal.util.LogHelper] [logPersistenceUnitInformation] -> (INFO) [HHH000204: Processing PersistenceUnitInfo [name: default]] 
[2023-07-20 12:02:59,073] - [com.zaxxer.hikari.HikariDataSource] [getConnection] -> (INFO) [HikariPool-2 - Starting...] 
[2023-07-20 12:02:59,118] - [com.zaxxer.hikari.HikariDataSource] [getConnection] -> (INFO) [HikariPool-2 - Start completed.] 
[2023-07-20 12:02:59,118] - [org.hibernate.dialect.Dialect] [<init>] -> (INFO) [HHH000400: Using dialect: org.hibernate.dialect.MySQL5InnoDBDialect] 
[2023-07-20 12:02:59,260] - [org.hibernate.engine.transaction.jta.platform.internal.JtaPlatformInitiator] [initiateService] -> (INFO) [HHH000490: Using JtaPlatform implementation: [org.hibernate.engine.transaction.jta.platform.internal.NoJtaPlatform]] 
[2023-07-20 12:02:59,261] - [org.springframework.orm.jpa.LocalContainerEntityManagerFactoryBean] [buildNativeEntityManagerFactory] -> (INFO) [Initialized JPA EntityManagerFactory for persistence unit 'default'] 
[2023-07-20 12:02:59,302] - [org.camunda.bpm.spring.boot] [logInfo] -> (INFO) [STARTER-SB040 Setting up jobExecutor with corePoolSize=3, maxPoolSize:10] 
[2023-07-20 12:02:59,351] - [org.camunda.bpm.engine.cfg] [logInfo] -> (INFO) [ENGINE-12003 Plugin 'CompositeProcessEnginePlugin[genericPropertiesConfiguration, camundaProcessEngineConfiguration, camundaDatasourceConfiguration, camundaJpaConfiguration, camundaJobConfiguration, camundaHistoryConfiguration, camundaMetricsConfiguration, camundaAuthorizationConfiguration, CreateAdminUserConfiguration[adminUser=AdminUserProperty[id=Test, firstName=Test, lastName=Test, email=Test@localhost, password=******]], failedJobConfiguration, disableDeploymentResourcePattern, eventPublisherPlugin, ApplicationContextClassloaderSwitchPlugin, SpringBootSpinProcessEnginePlugin]' activated on process engine 'default'] 
[2023-07-20 12:02:59,351] - [org.camunda.bpm.spring.boot] [logInfo] -> (INFO) [STARTER-SB020 ProcessApplication enabled: autoDeployment via springConfiguration#deploymentResourcePattern is disabled] 
[2023-07-20 12:02:59,352] - [org.camunda.bpm.spring.boot.starter.event.EventPublisherPlugin] [preInit] -> (INFO) [EVENTING-001: Initialized Camunda Spring Boot Eventing Engine Plugin.] 
[2023-07-20 12:02:59,352] - [org.camunda.bpm.spring.boot.starter.event.EventPublisherPlugin] [preInit] -> (INFO) [EVENTING-003: Task events will be published as Spring Events.] 
[2023-07-20 12:02:59,352] - [org.camunda.bpm.spring.boot.starter.event.EventPublisherPlugin] [preInit] -> (INFO) [EVENTING-005: Execution events will be published as Spring Events.] 
[2023-07-20 12:02:59,352] - [org.camunda.bpm.spring.boot.starter.event.EventPublisherPlugin] [preInit] -> (INFO) [EVENTING-007: History events will be published as Spring events.] 
[2023-07-20 12:02:59,353] - [org.camunda.spin] [logInfo] -> (INFO) [SPIN-01010 Discovered Spin data format provider: org.camunda.spin.impl.json.jackson.format.JacksonJsonDataFormatProvider[name = application/json]] 
[2023-07-20 12:02:59,353] - [org.camunda.spin] [logInfo] -> (INFO) [SPIN-01010 Discovered Spin data format provider: org.camunda.spin.impl.xml.dom.format.DomXmlDataFormatProvider[name = application/xml]] 
[2023-07-20 12:02:59,361] - [org.camunda.spin] [logInfo] -> (INFO) [SPIN-01009 Discovered Spin data format: org.camunda.spin.impl.xml.dom.format.DomXmlDataFormat[name = application/xml]] 
[2023-07-20 12:02:59,361] - [org.camunda.spin] [logInfo] -> (INFO) [SPIN-01009 Discovered Spin data format: org.camunda.spin.impl.json.jackson.format.JacksonJsonDataFormat[name = application/json]] 
[2023-07-20 12:02:59,364] - [org.camunda.bpm.dmn.feel.scala] [logInfo] -> (INFO) [FEEL/SCALA-01001 Spin value mapper detected] 
[2023-07-20 12:02:59,364] - [org.camunda.feel.FeelEngine] [<init>] -> (INFO) [Engine created. [value-mapper: CompositeValueMapper(List(org.camunda.feel.impl.JavaValueMapper@4dd6e9dc, org.camunda.spin.plugin.impl.feel.integration.SpinValueMapper@37d2fa28)), function-provider: org.camunda.bpm.dmn.feel.impl.scala.function.CustomFunctionTransformer@2ffa521, clock: SystemClock, configuration: Configuration(false)]] 
[2023-07-20 12:03:03,240] - [org.camunda.bpm.engine] [logInfo] -> (INFO) [ENGINE-00001 Process Engine default created.] 
[2023-07-20 12:03:03,244] - [org.camunda.bpm.spring.boot] [logInfo] -> (INFO) [STARTER-SB011 Skip creating initial Admin User, user does exist: UserEntity[id=Test, revision=42, firstName=Test, lastName=Test, email=Test@localhost, password={SHA-512}9LhJs1JrH9QvBj25bDdcoYs2BE1Md2UQIyCvNaehfEb0UHwsZQU1e96r4RQQt+CxIfyG/U789goOiCV4sqixmw==, salt=yR5w1Tf9ZJnomA+t0CXifw==, lockExpirationTime=null, attempts=0]] 
[2023-07-20 12:03:03,256] - [org.drools.compiler.kie.builder.impl.KieBuilderImpl] [packageNameForFile] -> (WARN) [File 'rules/tasks.drl' is in folder 'rules' but declares package 'com.foobat'. It is advised to have a correspondance between package and folder names.] 
[2023-07-20 12:03:03,498] - [org.springframework.boot.autoconfigure.orm.jpa.JpaBaseConfiguration$JpaWebConfiguration] [openEntityManagerInViewInterceptor] -> (WARN) [spring.jpa.open-in-view is enabled by default. Therefore, database queries may be performed during view rendering. Explicitly configure spring.jpa.open-in-view to disable this warning] 
[2023-07-20 12:03:03,635] - [org.camunda.bpm.spring.boot.starter.webapp.filter.LazyInitRegistration] [lazyInit] -> (INFO) [lazy initialized org.camunda.bpm.spring.boot.starter.webapp.filter.LazySecurityFilter@40941fc0] 
[2023-07-20 12:03:03,635] - [org.camunda.bpm.spring.boot.starter.webapp.filter.LazyInitRegistration] [lazyInit] -> (INFO) [lazy initialized org.camunda.bpm.spring.boot.starter.webapp.filter.LazyProcessEnginesFilter@7c43b048] 
[2023-07-20 12:03:03,711] - [org.springframework.boot.devtools.autoconfigure.OptionalLiveReloadServer] [startServer] -> (INFO) [LiveReload server is running on port 35729] 
[2023-07-20 12:03:03,734] - [org.apache.coyote.http11.Http11NioProtocol] [log] -> (INFO) [Starting ProtocolHandler ["http-nio-9002"]] 
[2023-07-20 12:03:03,750] - [org.springframework.boot.web.embedded.tomcat.TomcatWebServer] [start] -> (INFO) [Tomcat started on port(s): 9002 (http) with context path ''] 
[2023-07-20 12:03:03,757] - [org.camunda.bpm.container] [logInfo] -> (INFO) [ENGINE-08024 Found processes.xml file at file:/C:/Softwares/Module2/target/classes/META-INF/processes.xml] 
[2023-07-20 12:03:03,777] - [org.camunda.bpm.container] [logInfo] -> (INFO) [ENGINE-08023 Deployment summary for process archive 'trainingWorkflowApplication': 

        userform.form
        training-workflow.bpmn
] 
[2023-07-20 12:03:03,806] - [org.camunda.bpm.application] [logInfo] -> (INFO) [ENGINE-07021 ProcessApplication 'trainingWorkflowApplication' registered for DB deployments [1dd544fb-26c6-11ee-be2f-fa89d2161e61, 8e2d7214-214f-11ee-9e90-f889d2161e62, 985c9c88-1eee-11ee-b031-f889d2161e62, 85c41ff2-214f-11ee-9e90-f889d2161e62, 1cb5bfe0-214f-11ee-9e90-f889d2161e62]. Will execute process definitions 

        Decision[version: 5, id: Decision:5:1de7bb8e-26c6-11ee-be2f-fa89d2161e61]
        Decision[version: 4, id: Decision:4:8e3169b7-214f-11ee-9e90-f889d2161e62]
        Decision[version: 1, id: Decision:1:986994db-1eee-11ee-b031-f889d2161e62]
        Decision[version: 3, id: Decision:3:85c690f5-214f-11ee-9e90-f889d2161e62]
        Decision[version: 2, id: Decision:2:1cbbb353-214f-11ee-9e90-f889d2161e62]
Deployment does not provide any case definitions.] 
[2023-07-20 12:03:03,807] - [org.camunda.bpm.container] [logInfo] -> (INFO) [ENGINE-08050 Process application trainingWorkflowApplication successfully deployed] 
[2023-07-20 12:03:03,809] - [com.hcl.elch.freshersuperchargers.trainingworkflow.TrainingWorkflowApplication] [logStarted] -> (INFO) [Started TrainingWorkflowApplication in 5.582 seconds (JVM running for 517.255)] 
[2023-07-20 12:03:03,812] - [org.springframework.boot.devtools.autoconfigure.ConditionEvaluationDeltaLoggingListener] [onApplicationEvent] -> (INFO) [Condition evaluation unchanged] 
[2023-07-20 12:03:03,813] - [org.camunda.bpm.engine.jobexecutor] [logInfo] -> (INFO) [ENGINE-14014 Starting up the JobExecutor[org.camunda.bpm.engine.spring.components.jobexecutor.SpringJobExecutor].] 
[2023-07-20 12:03:03,814] - [org.camunda.bpm.engine.jobexecutor] [logInfo] -> (INFO) [ENGINE-14018 JobExecutor[org.camunda.bpm.engine.spring.components.jobexecutor.SpringJobExecutor] starting to acquire jobs] 
[2023-07-20 12:10:44,669] - [org.springframework.boot.admin.SpringApplicationAdminMXBeanRegistrar$SpringApplicationAdmin] [shutdown] -> (INFO) [Application shutdown requested.] 
[2023-07-20 12:10:44,787] - [org.camunda.bpm.container] [logInfo] -> (INFO) [ENGINE-08051 Process application trainingWorkflowApplication undeployed] 
[2023-07-20 12:10:44,819] - [org.apache.coyote.http11.Http11NioProtocol] [log] -> (INFO) [Pausing ProtocolHandler ["http-nio-9002"]] 
[2023-07-20 12:10:44,819] - [org.apache.catalina.core.StandardService] [log] -> (INFO) [Stopping service [Tomcat]] 
[2023-07-20 12:10:44,837] - [org.apache.coyote.http11.Http11NioProtocol] [log] -> (INFO) [Stopping ProtocolHandler ["http-nio-9002"]] 
[2023-07-20 12:10:44,840] - [org.apache.coyote.http11.Http11NioProtocol] [log] -> (INFO) [Destroying ProtocolHandler ["http-nio-9002"]] 
[2023-07-20 12:10:44,905] - [org.camunda.bpm.engine.jobexecutor] [logInfo] -> (INFO) [ENGINE-14015 Shutting down the JobExecutor[org.camunda.bpm.engine.spring.components.jobexecutor.SpringJobExecutor]] 
[2023-07-20 12:10:44,905] - [org.camunda.bpm.engine.jobexecutor] [logInfo] -> (INFO) [ENGINE-14020 JobExecutor[org.camunda.bpm.engine.spring.components.jobexecutor.SpringJobExecutor] stopped job acquisition] 
[2023-07-20 12:10:44,907] - [org.camunda.bpm.engine] [logInfo] -> (INFO) [ENGINE-00007 Process Engine default closed] 
[2023-07-20 12:10:44,908] - [org.springframework.orm.jpa.LocalContainerEntityManagerFactoryBean] [destroy] -> (INFO) [Closing JPA EntityManagerFactory for persistence unit 'default'] 
[2023-07-20 12:10:44,910] - [com.zaxxer.hikari.HikariDataSource] [close] -> (INFO) [HikariPool-2 - Shutdown initiated...] 
[2023-07-20 12:10:44,927] - [com.zaxxer.hikari.HikariDataSource] [close] -> (INFO) [HikariPool-2 - Shutdown completed.] 
